<?xml version="1.0" encoding="UTF-8"?>
<TestRun id="96e3eea0-3cca-4f56-bca5-1ef5d4bb72c3" name="TOM@TOMSDESKTOP 2010-03-29 20:18:34" runUser="TOMSDESKTOP\TOM" xmlns="http://microsoft.com/schemas/VisualStudio/TeamTest/2006">
  <TestRunConfiguration name="Local Test Run" id="54f97f82-0ffe-406b-8f95-66cfa2bc05ce">
    <Description>This is a default test run configuration for a local test run.</Description>
    <Deployment runDeploymentRoot="C:\Users\TOM\Documents\Visual Studio 2008\Projects\PDFtoEPUB\TestResults\TOM_TOMSDESKTOP 2010-03-29 20_18_34">
      <DeploymentItem filename="C:\Users\TOM\Documents\Visual Studio 2008\Projects\PDFtoEPUB\Crabwise.EPUBConversion\bin\Debug\Crabwise.EPUBConversion.dll" />
    </Deployment>
    <TestTypeSpecific />
  </TestRunConfiguration>
  <ResultSummary outcome="Completed">
    <Counters total="1" executed="1" passed="1" error="0" failed="0" timeout="0" aborted="0" inconclusive="0" passedButRunAborted="0" notRunnable="0" notExecuted="0" disconnected="0" warning="0" completed="0" inProgress="0" pending="0" />
  </ResultSummary>
  <Times creation="2010-03-29T20:18:34.7632531-04:00" queuing="2010-03-29T20:18:35.9363202-04:00" start="2010-03-29T20:18:36.1023297-04:00" finish="2010-03-29T20:18:58.5386130-04:00" />
  <TestDefinitions>
    <UnitTest name="TestMethod1" storage="c:\users\tom\documents\visual studio 2008\projects\pdftoepub\epubconversiontester\bin\debug\epubconversiontester.dll" id="cdf5392a-e6f8-5d18-d840-61fd2fac53d1">
      <Css projectStructure="" iteration="" />
      <Owners>
        <Owner name="" />
      </Owners>
      <Execution id="5c4d1169-0fdb-4248-bfc4-0e0c092c436d" />
      <TestMethod codeBase="C:\Users\TOM\Documents\Visual Studio 2008\Projects\PDFtoEPUB\EPUBConversionTester\bin\Debug\EPUBConversionTester.dll" adapterTypeName="Microsoft.VisualStudio.TestTools.TestTypes.Unit.UnitTestAdapter, Microsoft.VisualStudio.QualityTools.Tips.UnitTest.Adapter, Version=9.0.0.0, Culture=neutral, PublicKeyToken=b03f5f7f11d50a3a" className="EPUBConversionTester.UnitTest1, EPUBConversionTester" name="TestMethod1" />
    </UnitTest>
  </TestDefinitions>
  <TestLists>
    <TestList name="Results Not in a List" id="8c84fa94-04c1-424b-9868-57a2d4851a1d" />
    <TestList name="All Loaded Results" id="19431567-8539-422a-85d7-44ee4e166bda" />
  </TestLists>
  <TestEntries>
    <TestEntry testId="cdf5392a-e6f8-5d18-d840-61fd2fac53d1" executionId="5c4d1169-0fdb-4248-bfc4-0e0c092c436d" testListId="8c84fa94-04c1-424b-9868-57a2d4851a1d" />
  </TestEntries>
  <Results>
    <UnitTestResult executionId="5c4d1169-0fdb-4248-bfc4-0e0c092c436d" testId="cdf5392a-e6f8-5d18-d840-61fd2fac53d1" testName="TestMethod1" computerName="TOMSDESKTOP" duration="00:00:22.0825852" startTime="2010-03-29T20:18:36.1663334-04:00" endTime="2010-03-29T20:18:58.4786096-04:00" testType="13cdc9d9-ddb5-4fa4-a97d-d965ccfc6d4b" outcome="Passed" testListId="8c84fa94-04c1-424b-9868-57a2d4851a1d">
      <Output>
        <StdOut>&lt;!DOCTYPE HTML PUBLIC "-//W3C//DTD HTML 4.01 Transitional//EN"&gt;
&lt;HTML&gt;
&lt;HEAD&gt;
&lt;TITLE&gt;yeppers&lt;/TITLE&gt;
&lt;META http-equiv="Content-Type" content="text/html; charset=ISO-8859-1"&gt;
&lt;META name="generator" content="pdftohtml 0.36"&gt;
&lt;META name="date" content="2009-06-27T13:08:04+00:00"&gt;
&lt;/HEAD&gt;
&lt;BODY bgcolor="#A0A0A0" vlink="blue" link="blue"&gt;
&lt;A name=1&gt;&lt;/a&gt;Top Secret Famous Recipes is not affiliated with any of the restaurants&lt;br&gt;
mentioned in this  eBook and does not contain any copyrighted materials. Our&lt;br&gt;
recipes are not exact copies of the restaurant recipes. We are sure you wil  find&lt;br&gt;
them to be very similar in taste to the original recipes . Al  restaurant names&lt;br&gt;
are trademarks of their respective owners. Top Secret Famous Recipes does&lt;br&gt;
not contain any actual restaurant recipes.&lt;br&gt;
&lt;b&gt;Table of Contents&lt;/b&gt;&lt;br&gt;
           &lt;b&gt;Page No.                    Title&lt;/b&gt;&lt;br&gt;
15.&lt;br&gt;
&amp;quot;Clergy's (Church's) Fried Chicken&lt;br&gt;
16.&lt;br&gt;
&amp;quot;Good As Gold&amp;quot; Chicken. (Like Kfc And Boston's)&lt;br&gt;
17.&lt;br&gt;
&amp;quot;Loudly's&amp;quot; Seasoned Salt&lt;br&gt;
18.&lt;br&gt;
4 B's Restaurant Tomato Soup&lt;br&gt;
19.&lt;br&gt;
7-Eleven Cherry Slurpee&lt;br&gt;
20.&lt;br&gt;
7-Up Bread&lt;br&gt;
21.&lt;br&gt;
7-Up Drop Biscuits&lt;br&gt;
22.&lt;br&gt;
A &amp;amp; W Root Beer&lt;br&gt;
23.&lt;br&gt;
A1-Sauce&lt;br&gt;
24.&lt;br&gt;
All-Purpose Ground Meat Mix&lt;br&gt;
25.&lt;br&gt;
Almond Joy Candy Bars&lt;br&gt;
26.&lt;br&gt;
Almost Coco's Sour Cream Dressing&lt;br&gt;
27.&lt;br&gt;
Almost Impossible Basic Baking Mix&lt;br&gt;
28.&lt;br&gt;
Almost Kentucky Fried Chicken&lt;br&gt;
29.&lt;br&gt;
Almost Marie Callendar's Potato Cheese Soup&lt;br&gt;
30.&lt;br&gt;
Almost Marie Callender's Corn Bread (Wright)&lt;br&gt;
31.&lt;br&gt;
Applebee's Baked French Onion Soup&lt;br&gt;
32.&lt;br&gt;
Applebee's Bananaberry Freeze&lt;br&gt;
33.&lt;br&gt;
Applebee's Blonde Brownies&lt;br&gt;
34.&lt;br&gt;
Applebee's Low-Fat Asian Chicken Salad&lt;br&gt;
35.&lt;br&gt;
Applebee's Low-Fat Blackened Chicken Salad&lt;br&gt;
36.&lt;br&gt;
Applebee's Oriental Chicken Salad&lt;br&gt;
37.&lt;br&gt;
Applebee's Quesadillas&lt;br&gt;
38.&lt;br&gt;
Applebee's Tequila Lime Chicken&lt;br&gt;
39.&lt;br&gt;
Arby's Bronco Berry Sauce&lt;br&gt;
40.&lt;br&gt;
Arby's Horsey Sauce&lt;br&gt;
41.&lt;br&gt;
Arby's Jamocha Shake&lt;br&gt;
&lt;hr&gt;
&lt;A name=2&gt;&lt;/a&gt;42.&lt;br&gt;
Arby's Sauce&lt;br&gt;
43.&lt;br&gt;
Arizona Green Tea With Ginseng And Honey&lt;br&gt;
44.&lt;br&gt;
Arthur Treacher's Fish Batter&lt;br&gt;
45.&lt;br&gt;
Aunt Jemima Maple Syrup&lt;br&gt;
46.&lt;br&gt;
Aunt Pajama's Pancake Mix&lt;br&gt;
47.&lt;br&gt;
Auntie Anne's Pretzels&lt;br&gt;
48.&lt;br&gt;
Baby Ruth Candy Bar (Nestle)&lt;br&gt;
49.&lt;br&gt;
Bailey's Original Irish Cream&lt;br&gt;
50.&lt;br&gt;
Bake And Baste Chicken&lt;br&gt;
51.&lt;br&gt;
Baked Beans Like Boston Chicken&lt;br&gt;
52.&lt;br&gt;
Baskin Robbins B.R. Blast&lt;br&gt;
53.&lt;br&gt;
Baskin Robbins Ice Cream Cake&lt;br&gt;
54.&lt;br&gt;
Bbq Sauce Like Kenny Rogers&lt;br&gt;
55.&lt;br&gt;
Belgian Fries&lt;br&gt;
56.&lt;br&gt;
Ben &amp;amp; Jerry's Fresh Georgia Peach Ice Cream&lt;br&gt;
57.&lt;br&gt;
Ben &amp;amp; Jerry's Heath Bar Ice Cream&lt;br&gt;
58.&lt;br&gt;
Benihana Ginger Salad Dressing&lt;br&gt;
59.&lt;br&gt;
Benihana Ginger Sauce&lt;br&gt;
60.&lt;br&gt;
Benihana Hibachi Chicken And Hibachi Steak&lt;br&gt;
61.&lt;br&gt;
Benihana Hibachi Steak&lt;br&gt;
62.&lt;br&gt;
Benihana Japanese Fried Rice&lt;br&gt;
63.&lt;br&gt;
Benihana Magic Mustard Sauce&lt;br&gt;
64.&lt;br&gt;
Benihana Salad Dressing&lt;br&gt;
65.&lt;br&gt;
Bennigan's Broccoli Bites&lt;br&gt;
66.&lt;br&gt;
Bennigan's Buffalo Chicken Sandwich&lt;br&gt;
67.&lt;br&gt;
Bennigan's Onion Soup&lt;br&gt;
68.&lt;br&gt;
Bennigan's Potato Soup&lt;br&gt;
69.&lt;br&gt;
Berry's Brownies&lt;br&gt;
70.&lt;br&gt;
Better Cooker Cake Mix&lt;br&gt;
71.&lt;br&gt;
Big &amp;quot;Match&amp;quot; Sauce&lt;br&gt;
72.&lt;br&gt;
Big &amp;quot;Match&amp;quot; Special Sauce&lt;br&gt;
73.&lt;br&gt;
Big Boy's Blue Cheese Dressing&lt;br&gt;
74.&lt;br&gt;
Big Boy's Chicken Gravy&lt;br&gt;
75.&lt;br&gt;
Big Boy's Tomato And Spice Dressing&lt;br&gt;
76.&lt;br&gt;
Big Bucket In The Sky Chicken (K F C) - Gloria Pitzer&lt;br&gt;
77.&lt;br&gt;
Big Bucket In The Sky!&lt;br&gt;
78.&lt;br&gt;
Big Buy Double Decker Hamburger&lt;br&gt;
79.&lt;br&gt;
Big Mack Sauce&lt;br&gt;
80.&lt;br&gt;
Big Match Attach&lt;br&gt;
81.&lt;br&gt;
Big Mouth Sandwich&lt;br&gt;
82.&lt;br&gt;
Big-Mac Sauce&lt;br&gt;
83.&lt;br&gt;
Bill's Carrot Souffle From Chasen's&lt;br&gt;
84.&lt;br&gt;
Bis-Quick-As-A-Wink&lt;br&gt;
85.&lt;br&gt;
Biscuit Mix (All Purpose Baking Mix)&lt;br&gt;
86.&lt;br&gt;
Bisquick&lt;br&gt;
87.&lt;br&gt;
Bisquick Mix&lt;br&gt;
88.&lt;br&gt;
Bisquick Mix Ii&lt;br&gt;
89.&lt;br&gt;
Black-Eyed Pea's Baked Squash&lt;br&gt;
&lt;hr&gt;
&lt;A name=3&gt;&lt;/a&gt;90.&lt;br&gt;
Black-Eyed Pea's Broccoli-Cheese Soup&lt;br&gt;
91.&lt;br&gt;
Bob &amp;quot;Oven's &amp;quot; Colonial Dressing&lt;br&gt;
92.&lt;br&gt;
Borden Cracker Jack&lt;br&gt;
93.&lt;br&gt;
Borden's Sweetened Condensed Milk&lt;br&gt;
94.&lt;br&gt;
Boston Chicken &amp;amp; Kfc Rotisserie Style Chicken&lt;br&gt;
95.&lt;br&gt;
Boston Chicken &amp;amp; Kfc Rotisserie Whole Chicken&lt;br&gt;
96.&lt;br&gt;
Boston Chicken Baked Beans&lt;br&gt;
97.&lt;br&gt;
Boston Chicken Creamed Spinach&lt;br&gt;
98.&lt;br&gt;
Boston Chicken Dill Potato Wedges&lt;br&gt;
99.&lt;br&gt;
Boston Chicken Marinade/Basting Sauce&lt;br&gt;
100.&lt;br&gt;
Boston Chicken Saucer Sized Chocolate Chip Co&lt;br&gt;
101.&lt;br&gt;
Boston Chicken Squash&lt;br&gt;
102.&lt;br&gt;
Boston Chicken Style Chicken&lt;br&gt;
103.&lt;br&gt;
Boston Chicken's Cucumber Salad&lt;br&gt;
104.&lt;br&gt;
Boston Market Meatloaf&lt;br&gt;
105.&lt;br&gt;
Bran Muffins (Mcdonald's)&lt;br&gt;
106.&lt;br&gt;
Breakfast Castle Casserole&lt;br&gt;
107.&lt;br&gt;
Brickquick&lt;br&gt;
108.&lt;br&gt;
Broccoli Cheese Soup (Mcdonald's)&lt;br&gt;
109.&lt;br&gt;
Buffalo Chicken Pizza Recipe&lt;br&gt;
110.&lt;br&gt;
Buffalo Wing Pizza&lt;br&gt;
111.&lt;br&gt;
Bullseye Bbq Sauce&lt;br&gt;
112.&lt;br&gt;
Burger King Big King&lt;br&gt;
113.&lt;br&gt;
Burger King Biscuit Breakfast Sandwich&lt;br&gt;
114.&lt;br&gt;
Burger King Bk Broiler&lt;br&gt;
115.&lt;br&gt;
Burger King Croissan'wich Breakfast Sandwich&lt;br&gt;
116.&lt;br&gt;
Burger King Whopper&lt;br&gt;
117.&lt;br&gt;
Cadbury Creme Egg&lt;br&gt;
118.&lt;br&gt;
Cafe Cappuccino Mix&lt;br&gt;
119.&lt;br&gt;
Cafe Cappuccino--International Coffees&lt;br&gt;
120.&lt;br&gt;
Cafe Vienna--International Coffees&lt;br&gt;
121.&lt;br&gt;
California Pizza Kitchen Dakota Smashed Pea &amp;amp; Barley Soup&lt;br&gt;
122.&lt;br&gt;
Carl's Jr. Bacon Swiss Crispy Chicken Sandwich&lt;br&gt;
123.&lt;br&gt;
Carl's Jr. Chicken Club&lt;br&gt;
124.&lt;br&gt;
Carl's Jr. Crispy Chicken Sandwich&lt;br&gt;
125.&lt;br&gt;
Carol Lombards' Barbecued Spareribs&lt;br&gt;
126.&lt;br&gt;
Castle Loaf Supreme&lt;br&gt;
127.&lt;br&gt;
Chasen's Restaurant Carrot Souffle&lt;br&gt;
128.&lt;br&gt;
Chaya Brasserie Corn Chowder&lt;br&gt;
129.&lt;br&gt;
Chef Paul Prudhomme's Poultry Magic&lt;br&gt;
130.&lt;br&gt;
Chevys Fresh Salsa&lt;br&gt;
131.&lt;br&gt;
Chevys Garlic Mashed Potatoes&lt;br&gt;
132.&lt;br&gt;
Chevys Mesquite-Grilled Bbq Chicken Quesadilla&lt;br&gt;
133.&lt;br&gt;
Chi Chi's Mild Salsa&lt;br&gt;
134.&lt;br&gt;
Chi-Chi's Mexican &amp;quot;Fried&amp;quot; Ice Cream&lt;br&gt;
135.&lt;br&gt;
Chi-Chi's Sweet Spanish Corn Cake&lt;br&gt;
136.&lt;br&gt;
Chi-Chi's® Baked Chicken Chimichangas&lt;br&gt;
137.&lt;br&gt;
Chick-Fil-A Chicken Sandwich&lt;br&gt;
&lt;hr&gt;
&lt;A name=4&gt;&lt;/a&gt;138.&lt;br&gt;
Chicken Like The Colonel's&lt;br&gt;
139.&lt;br&gt;
Chicken Like The Colonel's(Mix)&lt;br&gt;
140.&lt;br&gt;
Chicken Taquito Ideas&lt;br&gt;
141.&lt;br&gt;
Chili Like Frisch's&lt;br&gt;
142.&lt;br&gt;
Chili's Boneless Buffalo Wings&lt;br&gt;
143.&lt;br&gt;
Chili's Calypso Cooler&lt;br&gt;
144.&lt;br&gt;
Chili's Chicken Enchilada Soup&lt;br&gt;
145.&lt;br&gt;
Chili's Chocolate Chip Paradise Pie&lt;br&gt;
146.&lt;br&gt;
Chili's Grilled Caribbean Salad&lt;br&gt;
147.&lt;br&gt;
Chili's Lettuce Wraps&lt;br&gt;
148.&lt;br&gt;
Chili's Margarita Presidente&lt;br&gt;
149.&lt;br&gt;
Chili's Nacho Burger&lt;br&gt;
150.&lt;br&gt;
Chili's Peanut Buttercup Cheesecake&lt;br&gt;
151.&lt;br&gt;
Chili's Southwestern Eggrolls&lt;br&gt;
152.&lt;br&gt;
Chili's Southwestern Vegetable Soup&lt;br&gt;
153.&lt;br&gt;
Chili's Twisted Lemonade Twist&lt;br&gt;
154.&lt;br&gt;
Chili's Honey Mustard Dressing&lt;br&gt;
155.&lt;br&gt;
Chili's Salsa&lt;br&gt;
156.&lt;br&gt;
Chocolate Almond Coffee-Grounds&lt;br&gt;
157.&lt;br&gt;
Chocolate Cream-Filled Cookie Sandwich&lt;br&gt;
158.&lt;br&gt;
Church's Fried Chicken&lt;br&gt;
159.&lt;br&gt;
Cinnabon Cinnabonstix&lt;br&gt;
160.&lt;br&gt;
Cinnabon Cinnamon Rolls&lt;br&gt;
161.&lt;br&gt;
Cinnabon Cinnamon Rolls Clone&lt;br&gt;
162.&lt;br&gt;
Cinnabon Mochalatta Chill&lt;br&gt;
163.&lt;br&gt;
Cinnabon Mochalatta Icescape&lt;br&gt;
164.&lt;br&gt;
Cinnabon Orange Icescape&lt;br&gt;
165.&lt;br&gt;
Cinnabon Strawberry Icescape&lt;br&gt;
166.&lt;br&gt;
Cinnabon Strawberry Lemonade&lt;br&gt;
167.&lt;br&gt;
Cinnabon's Cinnamon Rolls&lt;br&gt;
168.&lt;br&gt;
Cinnabon's For The Bread Machine&lt;br&gt;
169.&lt;br&gt;
Cinnabons - Cinnamon Buns From Heaven&lt;br&gt;
170.&lt;br&gt;
Cinnamon-Graham Crackers&lt;br&gt;
171.&lt;br&gt;
Claim Jumper® Fire-Roasted Artichoke&lt;br&gt;
172.&lt;br&gt;
Clam Chowder (Red Lobster)&lt;br&gt;
173.&lt;br&gt;
Clone Of Cinnabon Cinnamon Rolls&lt;br&gt;
174.&lt;br&gt;
Close To Kfc Original Recipe&lt;br&gt;
175.&lt;br&gt;
Coleslaw/Famous Favorites&lt;br&gt;
176.&lt;br&gt;
Condensed Milk&lt;br&gt;
177.&lt;br&gt;
Constant Comment Tea&lt;br&gt;
178.&lt;br&gt;
 Kfc Fried Chicken&lt;br&gt;
179.&lt;br&gt;
 Kraft Catalina Dressing&lt;br&gt;
180.&lt;br&gt;
Corn Bread From Mix&lt;br&gt;
181.&lt;br&gt;
Corn Cob Maple Syrup&lt;br&gt;
182.&lt;br&gt;
Cornbread From Homemade Cornbread Mix&lt;br&gt;
183.&lt;br&gt;
Cracker Barrel Biscuits&lt;br&gt;
184.&lt;br&gt;
Cracker Barrel Fried Apples&lt;br&gt;
185.&lt;br&gt;
Cracker Barrel Hash Brown Casserole&lt;br&gt;
&lt;hr&gt;
&lt;A name=5&gt;&lt;/a&gt;186.&lt;br&gt;
Cracker Barrel's Hashbrown Sidedish&lt;br&gt;
187.&lt;br&gt;
Cracker Jack&lt;br&gt;
188.&lt;br&gt;
Crazy Bread&lt;br&gt;
189.&lt;br&gt;
Crazy Chicken&lt;br&gt;
190.&lt;br&gt;
Daniel Boone Tavern Spoon Bread&lt;br&gt;
191.&lt;br&gt;
Dave's Rich &amp;amp; Meaty Chili From Wendy's&lt;br&gt;
192.&lt;br&gt;
Denny's Cheese Soup&lt;br&gt;
193.&lt;br&gt;
Dent Knee's Cheese Soup&lt;br&gt;
194.&lt;br&gt;
Dent-Knees Chicken Fried Steak&lt;br&gt;
195.&lt;br&gt;
Di Saronno Amaretto&lt;br&gt;
196.&lt;br&gt;
Dive! Brick Oven Mushroom And Turkey Cheese Sub&lt;br&gt;
197.&lt;br&gt;
Dive! S'mores&lt;br&gt;
198.&lt;br&gt;
Dolly Madison Zingers (Devil's Food)&lt;br&gt;
199.&lt;br&gt;
Doubletree Hotel Chocolate Chip Cookies&lt;br&gt;
200.&lt;br&gt;
Drake's Devil Dogs&lt;br&gt;
201.&lt;br&gt;
Dried Cornmeal Sourdough Starter, No Yeast&lt;br&gt;
202.&lt;br&gt;
Durkee's Famous Sauce ()&lt;br&gt;
203.&lt;br&gt;
Eager Brand Sweetened Condensed Milk&lt;br&gt;
204.&lt;br&gt;
Easy Cheesecake (Red Lobster)&lt;br&gt;
205.&lt;br&gt;
El Pollo Loco (Pollo Asada)&lt;br&gt;
206.&lt;br&gt;
El Pollo Loco Chicken&lt;br&gt;
207.&lt;br&gt;
El Pollo Loco Flame-Broiled  Chicken&lt;br&gt;
208.&lt;br&gt;
El Torito's Sweet Corn Cake&lt;br&gt;
209.&lt;br&gt;
Elephant Stew&lt;br&gt;
210.&lt;br&gt;
Entenmann's Apple Crumb Cake&lt;br&gt;
211.&lt;br&gt;
Entenmann's Fat-Free Chocolate Cupcakes&lt;br&gt;
212.&lt;br&gt;
Entenmann's Fat-Free Oatmeal Raisin Coookies&lt;br&gt;
213.&lt;br&gt;
Entenmann's Fat-Free Oatmeal Raisin Cookies&lt;br&gt;
214.&lt;br&gt;
Entenmann's Pound Cake&lt;br&gt;
215.&lt;br&gt;
Fake Almond Roca&lt;br&gt;
216.&lt;br&gt;
Fake Aunt Jemima Maple Syrup&lt;br&gt;
217.&lt;br&gt;
Fake Ben &amp;amp; Jerry's Heath Bar Crunch Ice Cream&lt;br&gt;
218.&lt;br&gt;
Fake Borden Cracker Jack&lt;br&gt;
219.&lt;br&gt;
Fake Burger King Whopper&lt;br&gt;
220.&lt;br&gt;
Fake Carl's Jr. Famous Star&lt;br&gt;
221.&lt;br&gt;
Fake Chick-Fil-A-Chicken Sandwich&lt;br&gt;
222.&lt;br&gt;
Fake Dairy Queen Blizzard&lt;br&gt;
223.&lt;br&gt;
Fake Hardee's French Fries&lt;br&gt;
224.&lt;br&gt;
Fake Kahlua Coffee Liqueur&lt;br&gt;
225.&lt;br&gt;
Fake Kentucky Fried Chicken&lt;br&gt;
226.&lt;br&gt;
Fake Kentucky Fried Chicken Gravy&lt;br&gt;
227.&lt;br&gt;
Fake Orange Julius&lt;br&gt;
228.&lt;br&gt;
Fake Orange Julius #2&lt;br&gt;
229.&lt;br&gt;
Fake Reese's Peanut Butter Cups&lt;br&gt;
230.&lt;br&gt;
Fake Reeses Pieces&lt;br&gt;
231.&lt;br&gt;
Fake Wendy's Frosty&lt;br&gt;
232.&lt;br&gt;
Fake Yoo-Hoo Chocolate Drink&lt;br&gt;
233.&lt;br&gt;
Famous Amos Chocolate Chip Cookies&lt;br&gt;
&lt;hr&gt;
&lt;A name=6&gt;&lt;/a&gt;234.&lt;br&gt;
Famous Amos Chocolate Chip Cookies #2&lt;br&gt;
235.&lt;br&gt;
Fatburger&lt;br&gt;
236.&lt;br&gt;
Fiddle Faddle And Screaming Yellow Zonkers&lt;br&gt;
237.&lt;br&gt;
Fireside Coffee Mix--Flavored Coffee Creamer&lt;br&gt;
238.&lt;br&gt;
Five Spice Powder Substitute&lt;br&gt;
239.&lt;br&gt;
Flavored Coffee&lt;br&gt;
240.&lt;br&gt;
French Dip Gravy&lt;br&gt;
241.&lt;br&gt;
French Fries&lt;br&gt;
242.&lt;br&gt;
French's Classic Yellow Mustard&lt;br&gt;
243.&lt;br&gt;
Getty Center Mexican Black Bean Burgers&lt;br&gt;
244.&lt;br&gt;
Getty Center Mexican Black Bean Burgers (Lf)&lt;br&gt;
245.&lt;br&gt;
Girl Scout Cookies Shortbread&lt;br&gt;
246.&lt;br&gt;
Girl Scout Cookies Thin Mints&lt;br&gt;
247.&lt;br&gt;
Gloreos&lt;br&gt;
248.&lt;br&gt;
Glorio Cookies&lt;br&gt;
249.&lt;br&gt;
Glorio Cookies (Oreo Cookies) - Gloria Pitzer&lt;br&gt;
250.&lt;br&gt;
Golden Corrall Rolls&lt;br&gt;
251.&lt;br&gt;
Good Reasons Italian Dressing&lt;br&gt;
252.&lt;br&gt;
Good Reasons Italian Dressing Mix&lt;br&gt;
253.&lt;br&gt;
Good Seasons Italian Salad Dressing Mix&lt;br&gt;
254.&lt;br&gt;
Grace &amp;amp; David's 25th Sauce&lt;br&gt;
255.&lt;br&gt;
Graham Cracker Crust Made W/Homemade Crust Mix&lt;br&gt;
256.&lt;br&gt;
Grandma Hoffman's Tomatoe Catsup&lt;br&gt;
257.&lt;br&gt;
Grandma's Oatmeal Raisin Big Cookies&lt;br&gt;
258.&lt;br&gt;
Grandma's Peanut Butter Big Cookies&lt;br&gt;
259.&lt;br&gt;
Great American Cookies Snickerdoodles&lt;br&gt;
260.&lt;br&gt;
Great American Cookies White Chunk Macadamia&lt;br&gt;
261.&lt;br&gt;
Green Goddess Dressing&lt;br&gt;
262.&lt;br&gt;
Hamburgers At Home&lt;br&gt;
263.&lt;br&gt;
Hard Rock Cafe Bar-B-Que Beans&lt;br&gt;
264.&lt;br&gt;
Hard Rock Cafe Cole Slaw&lt;br&gt;
265.&lt;br&gt;
Hard Rock Cafe Grilled Vegetable Sandwich&lt;br&gt;
266.&lt;br&gt;
Hard Rock Cafe Homemade Chicken Noodle Soup&lt;br&gt;
267.&lt;br&gt;
Hard Rock Cafe Orange Freeze&lt;br&gt;
268.&lt;br&gt;
Hard Rock Cafe Pig Sandwich&lt;br&gt;
269.&lt;br&gt;
Hard Rock Cafe Tupelo Style Chicken&lt;br&gt;
270.&lt;br&gt;
Hardee's 1/4 Pound Hamburger&lt;br&gt;
271.&lt;br&gt;
Hardee's French Fries&lt;br&gt;
272.&lt;br&gt;
Hardly's Charcoal Broiled Burgers&lt;br&gt;
273.&lt;br&gt;
Harley Davidson Cafe Harley Hog Sandwich&lt;br&gt;
274.&lt;br&gt;
Hashbrowns Like The Waffle House&lt;br&gt;
275.&lt;br&gt;
Heath Bar Candy&lt;br&gt;
276.&lt;br&gt;
Heinz 57 Sauce&lt;br&gt;
277.&lt;br&gt;
Heinz 57 Steak Sauce&lt;br&gt;
278.&lt;br&gt;
Heinz Ketchup&lt;br&gt;
279.&lt;br&gt;
Herbal Astringent For Oily Skin&lt;br&gt;
280.&lt;br&gt;
Hershey Payday Candy Bar&lt;br&gt;
281.&lt;br&gt;
Hickory Bbq Sauce&lt;br&gt;
&lt;hr&gt;
&lt;A name=7&gt;&lt;/a&gt;282.&lt;br&gt;
Hidden Valley Ranch Dressing Mix/Dressing&lt;br&gt;
283.&lt;br&gt;
History Of Chili, With Original Recipe&lt;br&gt;
284.&lt;br&gt;
Homemade Baking Mix&lt;br&gt;
285.&lt;br&gt;
Homemade Breadmaker Mix&lt;br&gt;
286.&lt;br&gt;
Homemade Buttermilk Pancake &amp;amp; Waffle Mix&lt;br&gt;
287.&lt;br&gt;
Homemade Chocolate Syrup Mix&lt;br&gt;
288.&lt;br&gt;
Homemade Cornbread Mix&lt;br&gt;
289.&lt;br&gt;
Homemade Hot Roll Mix&lt;br&gt;
290.&lt;br&gt;
Homemade Low-Calorie Salad Dressing Mix&lt;br&gt;
291.&lt;br&gt;
Homemade Mexican Meat Mix&lt;br&gt;
292.&lt;br&gt;
Homemade Muffin Mix&lt;br&gt;
293.&lt;br&gt;
Homemade Oriental Stir Fry Mix&lt;br&gt;
294.&lt;br&gt;
Homemade Quick Mix&lt;br&gt;
295.&lt;br&gt;
Homemade Shake 'n Fake&lt;br&gt;
296.&lt;br&gt;
Homemade Sweet Quick-Bread Mix&lt;br&gt;
297.&lt;br&gt;
Honey &amp;amp; Mustard Nugget Sauce&lt;br&gt;
298.&lt;br&gt;
Honey And Almond Scrub&lt;br&gt;
299.&lt;br&gt;
Honeybaked® Ham Glaze&lt;br&gt;
300.&lt;br&gt;
Hooter's Pasta Salad&lt;br&gt;
301.&lt;br&gt;
Hopeless Fudge Frosting&lt;br&gt;
302.&lt;br&gt;
Hopeless Twinkles (Hostess Twinkies)&lt;br&gt;
303.&lt;br&gt;
Hopkins House Tomato Rubaiat&lt;br&gt;
304.&lt;br&gt;
Hostess Twinkie Creme Filling&lt;br&gt;
305.&lt;br&gt;
Hot Dog On A Stick Hot Dog&lt;br&gt;
306.&lt;br&gt;
Hot Dog On A Stick Muscle Beach Lemonade&lt;br&gt;
307.&lt;br&gt;
Houlihan's Houli Fruit Fizz&lt;br&gt;
308.&lt;br&gt;
Houston's Canadian Cheese Soup&lt;br&gt;
309.&lt;br&gt;
How To Make Real Belgian Fries!&lt;br&gt;
310.&lt;br&gt;
Howard Johnson Spicy Mustard&lt;br&gt;
311.&lt;br&gt;
Howard Johnson's Boston Brown Bread&lt;br&gt;
312.&lt;br&gt;
Hudson's Chocolate Dessert&lt;br&gt;
313.&lt;br&gt;
I.H.O.P. Country Griddle Cakes&lt;br&gt;
314.&lt;br&gt;
I.H.O.P. Pumpkin Pancakes&lt;br&gt;
315.&lt;br&gt;
Ihop Pancakes Cheese Blintz&lt;br&gt;
316.&lt;br&gt;
In-N-Out Double-Double&lt;br&gt;
317.&lt;br&gt;
I H O P Harvest Grain 'n Nut Pancake&lt;br&gt;
318.&lt;br&gt;
International House Of Pancakes Pancakes&lt;br&gt;
319.&lt;br&gt;
Irish Coffee Mix--Flavored Coffee Creamer&lt;br&gt;
320.&lt;br&gt;
Islands China Coast Salad Dressing&lt;br&gt;
321.&lt;br&gt;
Italian Herb Seasoning&lt;br&gt;
322.&lt;br&gt;
Italian Seasoned Coating Mix (And Cooking Method)&lt;br&gt;
323.&lt;br&gt;
Jack Daniel's Honey Mustard&lt;br&gt;
324.&lt;br&gt;
Jack In The Box Oreo Cookie Shake&lt;br&gt;
325.&lt;br&gt;
Jack-In-The-Box Taco&lt;br&gt;
326.&lt;br&gt;
Jacquin's Peppermint Schnapps Liqueur&lt;br&gt;
327.&lt;br&gt;
Junkfood Cookbook Kfc&lt;br&gt;
328.&lt;br&gt;
K.C. Masterpiece Original Barbecue Sauce&lt;br&gt;
329.&lt;br&gt;
Keebler Pecan Sandies&lt;br&gt;
&lt;hr&gt;
&lt;A name=8&gt;&lt;/a&gt;330.&lt;br&gt;
Keen-Tucky Coleslaw&lt;br&gt;
331.&lt;br&gt;
Kellogg's Cocoa Rice Krispies Treats&lt;br&gt;
332.&lt;br&gt;
Kellogg's Peanut Butter Chocolate Rice Krispies Treats&lt;br&gt;
333.&lt;br&gt;
Kenny Roger's B-B-Q Sauce&lt;br&gt;
334.&lt;br&gt;
Kenny Rogers Roasters Corn Muffins&lt;br&gt;
335.&lt;br&gt;
Kentucky Biscuits&lt;br&gt;
336.&lt;br&gt;
Kentucky Fried Chicken&lt;br&gt;
337.&lt;br&gt;
Kentucky Fried Chicken Cole Slaw Dressing&lt;br&gt;
338.&lt;br&gt;
Kentucky Kernels - S.A. Express News - Karen H&lt;br&gt;
339.&lt;br&gt;
Kfc Bbq Baked Beans&lt;br&gt;
340.&lt;br&gt;
Kfc Big Bucket In The Sky Chicken&lt;br&gt;
341.&lt;br&gt;
Kfc Biscuits&lt;br&gt;
342.&lt;br&gt;
Kfc Buttermilk Biscuits&lt;br&gt;
343.&lt;br&gt;
Kfc Cole Slaw&lt;br&gt;
344.&lt;br&gt;
Kfc Cole Slaw #2&lt;br&gt;
345.&lt;br&gt;
Kfc Cole Slaw (Fat Free)&lt;br&gt;
346.&lt;br&gt;
Kfc Coleslaw&lt;br&gt;
347.&lt;br&gt;
Kfc &lt;br&gt;
348.&lt;br&gt;
Kfc Extra Tasty Crispy Chicken&lt;br&gt;
349.&lt;br&gt;
Kfc Fried Chicken&lt;br&gt;
350.&lt;br&gt;
Kfc Honey Bbq Wings&lt;br&gt;
351.&lt;br&gt;
Kfc Macaroni &amp;amp; Cheese&lt;br&gt;
352.&lt;br&gt;
Kfc Macaroni/Potato Salad&lt;br&gt;
353.&lt;br&gt;
Kfc Original Recipe Fried Chicken&lt;br&gt;
354.&lt;br&gt;
Kfc Original Recipe Fried Chicken # 2&lt;br&gt;
355.&lt;br&gt;
Kfc Potato Salad&lt;br&gt;
356.&lt;br&gt;
Kfc Style Coleslaw&lt;br&gt;
357.&lt;br&gt;
Koo Koo Roo Santa Fe Pasta&lt;br&gt;
358.&lt;br&gt;
Kraft Deluxe Original Macaroni &amp;amp; Cheese Dinner&lt;br&gt;
359.&lt;br&gt;
Kraft Shake'n Bake (Original)&lt;br&gt;
360.&lt;br&gt;
Kraft Thousand Island Dressing&lt;br&gt;
361.&lt;br&gt;
Lawry's Mexican Lasagne&lt;br&gt;
362.&lt;br&gt;
Lawry's Seasoned Salt&lt;br&gt;
363.&lt;br&gt;
Lawry's Taco Spices &amp;amp; Seasonings&lt;br&gt;
364.&lt;br&gt;
Legal's New England Clam Chowder&lt;br&gt;
365.&lt;br&gt;
Little Caesar's Crazy Bread&lt;br&gt;
366.&lt;br&gt;
Little Caesar's Crazy Sauce&lt;br&gt;
367.&lt;br&gt;
Little Debbie Oatmeal Creme Pies&lt;br&gt;
368.&lt;br&gt;
Lone John Sliver&lt;br&gt;
369.&lt;br&gt;
Lone Star Steakhouse Baked Sweet Potato&lt;br&gt;
370.&lt;br&gt;
Lone Star Steakhouse Chili&lt;br&gt;
371.&lt;br&gt;
Lone Star Steakhouse Lettuce Wedge Salad&lt;br&gt;
372.&lt;br&gt;
Long John Silver's Batter Dipped Fish&lt;br&gt;
373.&lt;br&gt;
Long John Silver's Tartar Sauce&lt;br&gt;
374.&lt;br&gt;
M&amp;amp;M/Mars 3 Musketeers&lt;br&gt;
375.&lt;br&gt;
M&amp;amp;M/Mars Snickers Bar&lt;br&gt;
376.&lt;br&gt;
Macaroni Salad ()&lt;br&gt;
377.&lt;br&gt;
Margarita Pie1&lt;br&gt;
&lt;hr&gt;
&lt;A name=9&gt;&lt;/a&gt;378.&lt;br&gt;
Marie Callendar's Cake Like Corn Bread&lt;br&gt;
379.&lt;br&gt;
Marie Callendar's Honey Butter&lt;br&gt;
380.&lt;br&gt;
Marinade (Steak &amp;amp; Ale)&lt;br&gt;
381.&lt;br&gt;
Mars Almond Bar&lt;br&gt;
382.&lt;br&gt;
Mcdonald's Apple Mcmuffins&lt;br&gt;
383.&lt;br&gt;
Mcdonald's Apple Muffins&lt;br&gt;
384.&lt;br&gt;
Mcdonald's Arch Deluxe&lt;br&gt;
385.&lt;br&gt;
Mcdonald's Big Mac Sauce&lt;br&gt;
386.&lt;br&gt;
Mcdonald's Big Mac Sauce (&amp;quot;Special Sauce&amp;quot;)&lt;br&gt;
387.&lt;br&gt;
Mcdonald's Bigxtra!&lt;br&gt;
388.&lt;br&gt;
Mcdonald's Biscuit&lt;br&gt;
389.&lt;br&gt;
Mcdonald's Biscuits&lt;br&gt;
390.&lt;br&gt;
Mcdonald's Bran Muffins&lt;br&gt;
391.&lt;br&gt;
Mcdonald's Broccoli Cheese Soup&lt;br&gt;
392.&lt;br&gt;
Mcdonald's Egg Burrito&lt;br&gt;
393.&lt;br&gt;
Mcdonald's Filet-O-Fish&lt;br&gt;
394.&lt;br&gt;
Mcdonald's French Fries&lt;br&gt;
395.&lt;br&gt;
Mcdonald's Ham And Egg Breakfast Bagel Sandwich&lt;br&gt;
396.&lt;br&gt;
Mcdonald's Hot Apple &amp;amp; Cherry Pies&lt;br&gt;
397.&lt;br&gt;
Mcdonald's Hot Mustard Sauce&lt;br&gt;
398.&lt;br&gt;
Mcdonald's Hot Mustard Sauce For Nuggets&lt;br&gt;
399.&lt;br&gt;
Mcdonald's Lobster Sandwich&lt;br&gt;
400.&lt;br&gt;
Mcdonald's Oriental Dressing&lt;br&gt;
401.&lt;br&gt;
Mcdonald's Peppercorn Dressing&lt;br&gt;
402.&lt;br&gt;
Mcdonald's Quarter Pounder (With Cheese)&lt;br&gt;
403.&lt;br&gt;
Mcdonald's Shakes&lt;br&gt;
404.&lt;br&gt;
Mcdonald's Shamrock Shake&lt;br&gt;
405.&lt;br&gt;
Mcdonald's Spanish Omelet Breakfast Bagel Sandwich&lt;br&gt;
406.&lt;br&gt;
Mcdonald's Steak &amp;amp; Egg Breakfast Bagel Sandwich&lt;br&gt;
407.&lt;br&gt;
Mcdonald's Sweet &amp;amp; Sour Dipping Sauce&lt;br&gt;
408.&lt;br&gt;
Mcdonald's Sweet And Sour Sauce For Nuggets&lt;br&gt;
409.&lt;br&gt;
Mcdonald's Yogurt Parfait&lt;br&gt;
410.&lt;br&gt;
Mcfabulous Special Sauce&lt;br&gt;
411.&lt;br&gt;
Mchamburger Cookies&lt;br&gt;
412.&lt;br&gt;
Meaty Chili From Wendy's&lt;br&gt;
413.&lt;br&gt;
Mexican Seasonings Mix&lt;br&gt;
414.&lt;br&gt;
Mimi's Cafe French Market Onion Soup&lt;br&gt;
415.&lt;br&gt;
Mint Chocolate Mousse Cake&lt;br&gt;
416.&lt;br&gt;
Mr &amp;amp; Mrs T Rich &amp;amp; Spicy Bloody Mary Mix&lt;br&gt;
417.&lt;br&gt;
Mr. &amp;amp; Mrs. T Sweet &amp;amp; Sour Mix&lt;br&gt;
418.&lt;br&gt;
Mrs. Dash Salt Free Seasoning Blend&lt;br&gt;
419.&lt;br&gt;
Mrs. Fields Carrot Cake&lt;br&gt;
420.&lt;br&gt;
Mrs. Fields Chocolate Chip Cookies&lt;br&gt;
421.&lt;br&gt;
Nabisco Cheese Nips&lt;br&gt;
422.&lt;br&gt;
Nabisco Chips Ahoy!&lt;br&gt;
423.&lt;br&gt;
Nabisco Nilla Wafers&lt;br&gt;
424.&lt;br&gt;
Nabisco Nutter Butter&lt;br&gt;
425.&lt;br&gt;
Nabisco Old Fashioned Ginger Snaps&lt;br&gt;
&lt;hr&gt;
&lt;A name=10&gt;&lt;/a&gt;426.&lt;br&gt;
Nabisco Oreo (Wafers)&lt;br&gt;
427.&lt;br&gt;
Nabisco Oreo Cookie&lt;br&gt;
428.&lt;br&gt;
Nabisco Snackwell's Banana Snack Bars&lt;br&gt;
429.&lt;br&gt;
Nestlays 100 Grand Bar&lt;br&gt;
430.&lt;br&gt;
Nestle 100 Grand Bar - Microwave&lt;br&gt;
431.&lt;br&gt;
Nestle's Tol  House Cookies&lt;br&gt;
432.&lt;br&gt;
Newman's Own Creamy Caesar Dressing&lt;br&gt;
433.&lt;br&gt;
Oatmeal Citrus Scrubbing Grains&lt;br&gt;
434.&lt;br&gt;
Old Bay Seasoning&lt;br&gt;
435.&lt;br&gt;
Old Fashioned Hamburgers&lt;br&gt;
436.&lt;br&gt;
Old Spaghetti Factory Original Clam Sauce&lt;br&gt;
437.&lt;br&gt;
Old Spaghetti Factory's Creamy Pesto Salad Dressing&lt;br&gt;
438.&lt;br&gt;
Olive Garden 5-Cheese Lasagna&lt;br&gt;
439.&lt;br&gt;
Olive Garden Alfredo Fettucine&lt;br&gt;
440.&lt;br&gt;
Olive Garden Apple Praline Cheesecake&lt;br&gt;
441.&lt;br&gt;
Olive Garden Capellini Primavera&lt;br&gt;
442.&lt;br&gt;
Olive Garden Chicken&lt;br&gt;
443.&lt;br&gt;
Olive Garden Eggplant Parmigiana&lt;br&gt;
444.&lt;br&gt;
Olive Garden Florentine Lasagna&lt;br&gt;
445.&lt;br&gt;
Olive Garden Hot Artichoke And Spinach Dip&lt;br&gt;
446.&lt;br&gt;
Olive Garden House Dressing&lt;br&gt;
447.&lt;br&gt;
Olive Garden House Dressing (Updated)&lt;br&gt;
448.&lt;br&gt;
Olive Garden Mostaccioli Quatro Formaggio&lt;br&gt;
449.&lt;br&gt;
Olive Garden Pasta E Fagioli&lt;br&gt;
450.&lt;br&gt;
Olive Garden Pasta Fagioli&lt;br&gt;
451.&lt;br&gt;
Olive Garden Pasta Fajoli Soup&lt;br&gt;
452.&lt;br&gt;
Olive Garden Ravioletti In Mushroom/Walnut Cream&lt;br&gt;
453.&lt;br&gt;
Olive Garden Salad (Rggw25a)&lt;br&gt;
454.&lt;br&gt;
Olive Garden Salad Dressing&lt;br&gt;
455.&lt;br&gt;
Olive Garden San Marco&lt;br&gt;
456.&lt;br&gt;
Olive Garden San Remo&lt;br&gt;
457.&lt;br&gt;
Olive Garden Seafood Pasta Chowder&lt;br&gt;
458.&lt;br&gt;
Olive Garden Shrimp Scampi Sauce&lt;br&gt;
459.&lt;br&gt;
Olive Garden Spaghetti Carbonara&lt;br&gt;
460.&lt;br&gt;
Olive Garden Spaghetti Sauce&lt;br&gt;
461.&lt;br&gt;
Olive Garden Spinach/Artichoke Dip&lt;br&gt;
462.&lt;br&gt;
Olive Garden Tiramisu Dessert&lt;br&gt;
463.&lt;br&gt;
Olive Garden Tomato/Basil Crostini&lt;br&gt;
464.&lt;br&gt;
Olive Garden Toscana Soup&lt;br&gt;
465.&lt;br&gt;
Ollie Burgers&lt;br&gt;
466.&lt;br&gt;
Onion Blossom Dips&lt;br&gt;
467.&lt;br&gt;
Onion Ring Loaf (Ala Tony Roma's)&lt;br&gt;
468.&lt;br&gt;
Orange Brutus (Orange Julius)&lt;br&gt;
469.&lt;br&gt;
Orange Julius&lt;br&gt;
470.&lt;br&gt;
Orange Julius 1&lt;br&gt;
471.&lt;br&gt;
Original Recipe Kentucky Fried Chicken&lt;br&gt;
472.&lt;br&gt;
Original Tommy's World Famous Hamburgers&lt;br&gt;
473.&lt;br&gt;
Outback Bloomin' Onion&lt;br&gt;
&lt;hr&gt;
&lt;A name=11&gt;&lt;/a&gt;474.&lt;br&gt;
Outback Bread&lt;br&gt;
475.&lt;br&gt;
Outback Steakhouse Alice Springs Chicken&lt;br&gt;
476.&lt;br&gt;
Outback Steakhouse Aussie Fries&lt;br&gt;
477.&lt;br&gt;
Outback Steakhouse Bleu Cheese Dressing&lt;br&gt;
478.&lt;br&gt;
Outback Steakhouse Caesar Salad Dressing&lt;br&gt;
479.&lt;br&gt;
Outback Steakhouse Cinnamon Oblivion&lt;br&gt;
480.&lt;br&gt;
Outback Steakhouse Coconut Shrimp&lt;br&gt;
481.&lt;br&gt;
Outback Steakhouse Coral Reef 'rita&lt;br&gt;
482.&lt;br&gt;
Outback Steakhouse Grilled Shrimp On The Barbie&lt;br&gt;
483.&lt;br&gt;
Outback Steakhouse Honey Wheat Bushman Bread&lt;br&gt;
484.&lt;br&gt;
Outback Steakhouse Kookaburra Wings&lt;br&gt;
485.&lt;br&gt;
Outback Steakhouse Ranch Salad Dressing&lt;br&gt;
486.&lt;br&gt;
Outback Steakhouse Steak Seasoning&lt;br&gt;
487.&lt;br&gt;
Outback Steakhouse Sydney's Sinful Sundae&lt;br&gt;
488.&lt;br&gt;
Outback Steakhouse The Wallaby Darned&lt;br&gt;
489.&lt;br&gt;
Oven Fried Kentucky Chicken&lt;br&gt;
490.&lt;br&gt;
P. F. Chang's Chicken In Soothing Lettuce Wraps&lt;br&gt;
491.&lt;br&gt;
Pace Picante Sauce (Medium)&lt;br&gt;
492.&lt;br&gt;
Pal's Sauceburger&lt;br&gt;
493.&lt;br&gt;
Pancakes From International House Of Pancakes&lt;br&gt;
494.&lt;br&gt;
Panda Express Mandarin Chicken&lt;br&gt;
495.&lt;br&gt;
Panda Express Orange Flavored Chicken&lt;br&gt;
496.&lt;br&gt;
Papa John's Pizza Cheese Dipping Sauce&lt;br&gt;
497.&lt;br&gt;
Papa John's Pizza Pizza Dipping Sauce&lt;br&gt;
498.&lt;br&gt;
Pappa's Italian Anchovy Garlic Spread&lt;br&gt;
499.&lt;br&gt;
Pate De Chateau Blanc&lt;br&gt;
500.&lt;br&gt;
Pepperidge Farm Chesapeake/Sausalito Cookies&lt;br&gt;
501.&lt;br&gt;
Pepperidge Farm Ginger Man Cookies&lt;br&gt;
502.&lt;br&gt;
Peter Paul Mounds And Almond Joy&lt;br&gt;
503.&lt;br&gt;
Pillsbury Crescent Rolls&lt;br&gt;
504.&lt;br&gt;
Pizza Bread Appetizers&lt;br&gt;
505.&lt;br&gt;
Pizza Chain Style Dough Mix&lt;br&gt;
506.&lt;br&gt;
Pizza Hat Crust&lt;br&gt;
507.&lt;br&gt;
Pizza Hat Sauce And Toppings&lt;br&gt;
508.&lt;br&gt;
Pizza Hut Crust&lt;br&gt;
509.&lt;br&gt;
Pizza Rolls&lt;br&gt;
510.&lt;br&gt;
Planet Hollywood Cool Running&lt;br&gt;
511.&lt;br&gt;
Planet Hollywood Pot Stickers&lt;br&gt;
512.&lt;br&gt;
Planet Hollywood The Terminator&lt;br&gt;
513.&lt;br&gt;
Planet Hollywood's Cap'n Crunch Chicken&lt;br&gt;
514.&lt;br&gt;
Platt's &amp;quot;Red, White &amp;amp; Blue Potato Salad&amp;quot;&lt;br&gt;
515.&lt;br&gt;
Ponderosa's Steak Sauce&lt;br&gt;
516.&lt;br&gt;
Poormans Shake N Bake&lt;br&gt;
517.&lt;br&gt;
Popeye's Dirty Rice&lt;br&gt;
518.&lt;br&gt;
Popeye's Famous Fried Chicken&lt;br&gt;
519.&lt;br&gt;
Popeye's Fried Chicken&lt;br&gt;
520.&lt;br&gt;
Popeye's Red Beans And Rice&lt;br&gt;
521.&lt;br&gt;
Pork Chop Sauce Like The Outback&lt;br&gt;
&lt;hr&gt;
&lt;A name=12&gt;&lt;/a&gt;522.&lt;br&gt;
Potato Chip Cookies 2&lt;br&gt;
523.&lt;br&gt;
Poultry Seasoning Mix&lt;br&gt;
524.&lt;br&gt;
Progresso Italian Style Bread Crumbs&lt;br&gt;
525.&lt;br&gt;
Prudhomme's Cajun Seasoning Mix&lt;br&gt;
526.&lt;br&gt;
Quacker Jacks - Gloria Pitzer&lt;br&gt;
527.&lt;br&gt;
Quaint Seas Dinner Rolls&lt;br&gt;
528.&lt;br&gt;
Quick Chili W/Homemade Chili Seasoning Mix&lt;br&gt;
529.&lt;br&gt;
Rally's Seasoning Mix&lt;br&gt;
530.&lt;br&gt;
Ranch Style Dressing Mix W/Variations&lt;br&gt;
531.&lt;br&gt;
Really Easy Red Beans And Rice&lt;br&gt;
532.&lt;br&gt;
Recess Peanut Butter Cups&lt;br&gt;
533.&lt;br&gt;
Recess Peanut Butter Cups (Reeses) - Gloria Pitzer&lt;br&gt;
534.&lt;br&gt;
Recess Peanut Butter Cups (Reeses) - Gloria P&lt;br&gt;
535.&lt;br&gt;
Red Lobster Bacon Wrapped Stuffed Shrimp&lt;br&gt;
536.&lt;br&gt;
Red Lobster Bbb Sauce&lt;br&gt;
537.&lt;br&gt;
Red Lobster Bbq Sauce&lt;br&gt;
538.&lt;br&gt;
Red Lobster Cheddar Bay Biscuits&lt;br&gt;
539.&lt;br&gt;
Red Lobster Cheddar Bay Crab Bake&lt;br&gt;
540.&lt;br&gt;
Red Lobster Cheese Biscuits&lt;br&gt;
541.&lt;br&gt;
Red Lobster Cheese Biscuits Clone 1&lt;br&gt;
542.&lt;br&gt;
Red Lobster Cheese Biscuits Clone 2&lt;br&gt;
543.&lt;br&gt;
Red Lobster Cheese Biscuits Version 2&lt;br&gt;
544.&lt;br&gt;
Red Lobster Cheese Biscuits Version With Mays&lt;br&gt;
545.&lt;br&gt;
Red Lobster Clam Chowder&lt;br&gt;
546.&lt;br&gt;
Red Lobster Creamy Caesar Dressing&lt;br&gt;
547.&lt;br&gt;
Red Lobster Easy Cheesecake&lt;br&gt;
548.&lt;br&gt;
Red Lobster Inspired Garlic Cheese Biscuits&lt;br&gt;
549.&lt;br&gt;
Red Lobster Sweet And Sour Sauce&lt;br&gt;
550.&lt;br&gt;
Red Lobster Tartar Sauce&lt;br&gt;
551.&lt;br&gt;
Red Lobster's Cheddar Biscuit Recipe&lt;br&gt;
552.&lt;br&gt;
Red Robin Seasoning&lt;br&gt;
553.&lt;br&gt;
Reese's Peanut Butter Cups&lt;br&gt;
554.&lt;br&gt;
Rehabbed Cheese Coney&lt;br&gt;
555.&lt;br&gt;
Rehabbed Cincinnati Chili&lt;br&gt;
556.&lt;br&gt;
Rib Shack Bar-B-Q Sauce&lt;br&gt;
557.&lt;br&gt;
Rib Shack Barbecue Sauce&lt;br&gt;
558.&lt;br&gt;
Rich Brownie Mix&lt;br&gt;
559.&lt;br&gt;
Roadhouse Grill Baby Back Ribs&lt;br&gt;
560.&lt;br&gt;
Roadhouse Grill Roadhouse Cheese Wraps&lt;br&gt;
561.&lt;br&gt;
Rock Candy For Kids&lt;br&gt;
562.&lt;br&gt;
Sabretts Onions In Sauce (For Hot Dogs)&lt;br&gt;
563.&lt;br&gt;
Sailorman's Fried Chicken&lt;br&gt;
564.&lt;br&gt;
Salt-Spice&lt;br&gt;
565.&lt;br&gt;
Sander's Hot Fudge&lt;br&gt;
566.&lt;br&gt;
Sara Lee Original Cream Cheesecake&lt;br&gt;
567.&lt;br&gt;
Sara Lee'e Pound Cake&lt;br&gt;
568.&lt;br&gt;
Sara Lee's Carrot Square Cake&lt;br&gt;
569.&lt;br&gt;
Schilling Salad Supreme Seasoning&lt;br&gt;
&lt;hr&gt;
&lt;A name=13&gt;&lt;/a&gt;570.&lt;br&gt;
Schlotsky's Rolls&lt;br&gt;
571.&lt;br&gt;
Schlotzsky's Sandwich Rolls&lt;br&gt;
572.&lt;br&gt;
Scottish Butter Cookies&lt;br&gt;
573.&lt;br&gt;
Seasoned Fries Like Hardee's And Rally's&lt;br&gt;
574.&lt;br&gt;
Seasoned Long Grain &amp;amp; Wild Rice Mix (Uncle Be&lt;br&gt;
575.&lt;br&gt;
See's Butterscotch Lollipop - Todd Wilbur&lt;br&gt;
576.&lt;br&gt;
Self Rising Flour&lt;br&gt;
577.&lt;br&gt;
Seven Seas Free Viva Italian Fat-Free Dressing&lt;br&gt;
578.&lt;br&gt;
Sheila's Backyard Bbq Sauce&lt;br&gt;
579.&lt;br&gt;
Shoney's Tomato Florentine Soup&lt;br&gt;
580.&lt;br&gt;
Shook And Cook Coating Mix (And Cooking Methods)&lt;br&gt;
581.&lt;br&gt;
Sloppy Joes W/Homemade Sloppy Joe Seasoning Mix&lt;br&gt;
582.&lt;br&gt;
Snapple Iced Tea&lt;br&gt;
583.&lt;br&gt;
Snapple Iced Tea (Lemon Flavor)&lt;br&gt;
584.&lt;br&gt;
Sonic Cherry Limeade&lt;br&gt;
585.&lt;br&gt;
Sonic Ocean Water&lt;br&gt;
586.&lt;br&gt;
Sour Cream Chocolate Frosting&lt;br&gt;
587.&lt;br&gt;
Spaghetti Sauce (Olive Garden)&lt;br&gt;
588.&lt;br&gt;
Spanakopeta&lt;br&gt;
589.&lt;br&gt;
Spells Berry Crescent Dinner Rolls&lt;br&gt;
590.&lt;br&gt;
Spicy Hot Dog Mustard&lt;br&gt;
591.&lt;br&gt;
Starbucks Frappuccino&lt;br&gt;
592.&lt;br&gt;
Starbucks Frappuccino (Frozen)&lt;br&gt;
593.&lt;br&gt;
Steak &amp;amp; Ale Hawaiian Chicken&lt;br&gt;
594.&lt;br&gt;
Steak &amp;amp; Ale Marinade&lt;br&gt;
595.&lt;br&gt;
Steak Sauce&lt;br&gt;
596.&lt;br&gt;
Stouffer's Corn Soufflé&lt;br&gt;
597.&lt;br&gt;
Stove Fur's Honey French Dressing&lt;br&gt;
598.&lt;br&gt;
Stove Fur's White French Salad Dressing&lt;br&gt;
599.&lt;br&gt;
Sunshine Lemon Coolers&lt;br&gt;
600.&lt;br&gt;
Sweetened Condensed Milk&lt;br&gt;
601.&lt;br&gt;
Swiss Miss Fat-Free Tapioca Pudding&lt;br&gt;
602.&lt;br&gt;
Sylvia's Orange Julius&lt;br&gt;
603.&lt;br&gt;
T.G.I. Friday's Broccoli Cheese Soup&lt;br&gt;
604.&lt;br&gt;
T.G.I. Friday's Flings&lt;br&gt;
605.&lt;br&gt;
T.G.I. Friday's French Onion Soup&lt;br&gt;
606.&lt;br&gt;
T.G.I. Friday's Jack Daniels Grill Glaze&lt;br&gt;
607.&lt;br&gt;
Taco 5 Alarm Sauce&lt;br&gt;
608.&lt;br&gt;
Taco Bell Burrito Supreme&lt;br&gt;
609.&lt;br&gt;
Taco Bell Chicken Fajita! Seasoning Mix&lt;br&gt;
610.&lt;br&gt;
Taco Bell Enchirito&lt;br&gt;
611.&lt;br&gt;
Taco Bell Fire Border Sauce&lt;br&gt;
612.&lt;br&gt;
Taco Bell Hot Taco Sauce&lt;br&gt;
613.&lt;br&gt;
Taco Bell Meat Seasoning&lt;br&gt;
614.&lt;br&gt;
Taco Bell Mexican Pizza&lt;br&gt;
615.&lt;br&gt;
Taco Bell Sauce&lt;br&gt;
616.&lt;br&gt;
Taco Bell Taco&lt;br&gt;
617.&lt;br&gt;
Taco Bell Taco! Seasoning Mix&lt;br&gt;
&lt;hr&gt;
&lt;A name=14&gt;&lt;/a&gt;618.&lt;br&gt;
Taco Bell's Cinnamon Twists (Angel Wings)&lt;br&gt;
619.&lt;br&gt;
Taco Shells&lt;br&gt;
620.&lt;br&gt;
Taco Take-Out Filling&lt;br&gt;
621.&lt;br&gt;
Tastycake Peanut Butter Kandy Kakes&lt;br&gt;
622.&lt;br&gt;
Tastykake Butterscotch Krimpets&lt;br&gt;
623.&lt;br&gt;
Tastykake Chocolate Cupcakes&lt;br&gt;
624.&lt;br&gt;
The Machine Shed's Baked Potato Soup&lt;br&gt;
625.&lt;br&gt;
The Real Neiman Marcus Chocolate Chip Cookie&lt;br&gt;
626.&lt;br&gt;
The Soup Nazi's Crab Bisque&lt;br&gt;
627.&lt;br&gt;
The Soup Nazi's Cream Of Sweet Potato Soup&lt;br&gt;
628.&lt;br&gt;
The Soup Nazi's Indian Mulligatawny Soup&lt;br&gt;
629.&lt;br&gt;
The Soup Nazi's Mexican Chicken Chili&lt;br&gt;
630.&lt;br&gt;
Thin Mints&lt;br&gt;
631.&lt;br&gt;
Three Ingredient Muffin Bread&lt;br&gt;
632.&lt;br&gt;
Tomato Soup 4 B's&lt;br&gt;
633.&lt;br&gt;
Tony Roma's Baked Potato Soup&lt;br&gt;
634.&lt;br&gt;
Tony Roma's Blue Ridge Smokies Sauce&lt;br&gt;
635.&lt;br&gt;
Tony Roma's Ribs Clone&lt;br&gt;
636.&lt;br&gt;
Top Secret Ihop Pancakes&lt;br&gt;
637.&lt;br&gt;
Top Secret Mcdonald's Mcd.L.T.&lt;br&gt;
638.&lt;br&gt;
Top Secret Mrs. Fields Chocolate Chip Cookies&lt;br&gt;
639.&lt;br&gt;
Top Secret Mrs. Fields Peanut Butter Dream Bars&lt;br&gt;
640.&lt;br&gt;
Trader Joe's Heroic Baklava&lt;br&gt;
641.&lt;br&gt;
Trader Vic's Mauna Kea Chicken&lt;br&gt;
642.&lt;br&gt;
Turtle Cookies&lt;br&gt;
643.&lt;br&gt;
Two Ingredient Biscuit Bread&lt;br&gt;
644.&lt;br&gt;
Uncle Ben's Seasoned Long Grain &amp;amp; Wild Rice M&lt;br&gt;
645.&lt;br&gt;
V-8 For Canning&lt;br&gt;
646.&lt;br&gt;
Waffle House Waffles&lt;br&gt;
647.&lt;br&gt;
Weight Watchers Smart Ones Banana Muffins&lt;br&gt;
648.&lt;br&gt;
Wendy's Chicken Caesar Fresh Stuffed Pita&lt;br&gt;
649.&lt;br&gt;
Wendy's Chili&lt;br&gt;
650.&lt;br&gt;
Wendy's Chili Seasoning&lt;br&gt;
651.&lt;br&gt;
Wendy's Classic Greek Fresh Stuffed Pita&lt;br&gt;
652.&lt;br&gt;
Wendy's Frosty&lt;br&gt;
653.&lt;br&gt;
Wendy's Spicy Chicken Fillet Sandwich&lt;br&gt;
654.&lt;br&gt;
White Castle Vidalia Dip&lt;br&gt;
655.&lt;br&gt;
White Cheddar Dipping Sauce&lt;br&gt;
656.&lt;br&gt;
Whitehouse Chicken Coleslaw&lt;br&gt;
657.&lt;br&gt;
Wienerschnitzel Chili Sauce&lt;br&gt;
658.&lt;br&gt;
Yonah Schimmel Low-Fat New York City Knish&lt;br&gt;
659.&lt;br&gt;
Yoo Hoo&lt;br&gt;
660.&lt;br&gt;
Yoo-Hoo Mix-Ups&lt;br&gt;
 &lt;br&gt;
&lt;hr&gt;
&lt;A name=15&gt;&lt;/a&gt;&lt;b&gt;Clergy's (Church's) Fried Chicken&lt;/b&gt;&lt;br&gt;
  &lt;br&gt;      Yield: 6 Servings&lt;br&gt; &lt;br&gt;  COATING MIX  ====================&lt;br&gt;      1 T  sugar&lt;br&gt;  1 1/2 c  self-rising flour&lt;br&gt;    1/2 c  cornstarch&lt;br&gt;      4 t  seasoned salt&lt;br&gt;      2 t  paprika&lt;br&gt;    1/2 t  baking soda&lt;br&gt;    1/2 c  biscuit mix&lt;br&gt;      1 pk italian dressing mix&lt;br&gt;      1 pk onion soup mix&lt;br&gt;  FRIED CHICKEN  ==================&lt;br&gt;      2    eggs&lt;br&gt;    1/4 c  cold water&lt;br&gt;      1 c  oil&lt;br&gt;  2 1/2 lb chicken parts&lt;br&gt;
Combine all ingredients. Mix to blend. Store tightly covered at room&lt;br&gt;temperature.&lt;br&gt;
To use mix:&lt;br&gt;
Beat eggs with cold water. Dip cut-up chicken in egg mixture and then&lt;br&gt;into dry coating mix, then back into egg and back into mix. Heat oil&lt;br&gt;in a heavy skillet. Brown chicken skin side down for 4 -6 minutes on&lt;br&gt;medium-high heat. Turn and brown other side. Transfer to an oiled or&lt;br&gt;Pammed 9x12x2 baking pan. Cover pan in foil sealing on 3 sides. Bake&lt;br&gt;at 350 degrees for about 45-50 minutes. Remove foil. Bake another 5&lt;br&gt;minutes to crisp coating.&lt;br&gt;
&lt;hr&gt;
&lt;A name=16&gt;&lt;/a&gt;       &lt;b&gt;&amp;quot;Good As Gold&amp;quot; Chicken. (Like Kfc And Boston's)&lt;br&gt;&lt;/b&gt;  &lt;br&gt;      Yield: 4 Servings&lt;br&gt; &lt;br&gt;    1/4 c  oil&lt;br&gt;      1 T  honey&lt;br&gt;      1 T  lime juice&lt;br&gt;    1/4 t  paprika&lt;br&gt;      1    seasoned salt (to taste)&lt;br&gt;      4    chicken breast halves&lt;br&gt;
Mix ingredients (except chicken) in a saucepan and warm just to melt&lt;br&gt;honey. Arrange chicken breast-side-up in a square baking dish or pan&lt;br&gt;and bake uncovered at 400 degrees about 35 - 40 minutes, basting&lt;br&gt;pieces without turning them, 3 or 4 times during baking. Immediately&lt;br&gt;upon removing from oven, seal baking dish or pan tightly in foil and&lt;br&gt;let stand 15 to 20 minutes before serving. &lt;br&gt;
&lt;hr&gt;
&lt;A name=17&gt;&lt;/a&gt;       &lt;b&gt;&amp;quot;Loudly's&amp;quot; Seasoned Salt&lt;br&gt;&lt;/b&gt;  &lt;br&gt;      Yield: 1 Servings&lt;br&gt; &lt;br&gt;      2 T  pepper&lt;br&gt;      1 T  chicken bouillon powder&lt;br&gt;      1 t  onion salt&lt;br&gt;      1 t  onion powder&lt;br&gt;      1 T  garlic salt&lt;br&gt;      1 t  cumin powder&lt;br&gt;      1 t  dry marjoram  leaves&lt;br&gt;      1 T  parsley,Minced&lt;br&gt;      1 t  paprika&lt;br&gt;    1/2 t  curry powder&lt;br&gt;      1 T  chili powder&lt;br&gt;    1/3 c  salt&lt;br&gt;
Mix all ingredients together thoroughly, or put al  ingredients in 1&lt;br&gt;qt. mayonnaise jar with tight fitting lid, shaking until blended well.&lt;br&gt;Keep atroom temperature. Use within 3 months&lt;br&gt;. Makes about 1 cup.&lt;br&gt;
&lt;hr&gt;
&lt;A name=18&gt;&lt;/a&gt;       &lt;b&gt;4 B's Restaurant Tomato Soup&lt;br&gt;&lt;/b&gt;  &lt;br&gt;      Yield: 8 Servings&lt;br&gt; &lt;br&gt;      1 cn 28 0z tomatoes,Diced&lt;br&gt;      1 c  chicken broth&lt;br&gt;    1/4 c  butter&lt;br&gt;      2 T  sugar&lt;br&gt;      1 T  onion,Chopped&lt;br&gt;    1/8 t  baking soda&lt;br&gt;      2 c  milk&lt;br&gt;
In a saucepan, combine the first 6 ingredients.  Cover and simmer&lt;br&gt;for 1 hour.  Heat milk, add to tomato mixture just before serving.  Makes&lt;br&gt;about 1 1/2    quarts.&lt;br&gt;
&lt;hr&gt;
&lt;A name=19&gt;&lt;/a&gt;&lt;b&gt;       7-Eleven Cherry Slurpee&lt;br&gt;&lt;/b&gt;  &lt;br&gt;      Yield: 1 Servings&lt;br&gt; &lt;br&gt;      2 c  cold club soda&lt;br&gt;    1/2 c  sugar&lt;br&gt;    1/4 t  cherry kool-aid mix&lt;br&gt;           -unsweetened,plus 1/8 tsp&lt;br&gt;    1/2 t  cherry extract&lt;br&gt;  2 1/2 c  ice,Crushed&lt;br&gt;
1. Pour 1 cup of the club soda into a blender. Add the sugar,  Kool-Aid&lt;br&gt;mix, and cherry extract. Blend this until all of the  sugar is&lt;br&gt;dissolved.&lt;br&gt;2. Add the crushed ice and blend on high speed until the  drink is a&lt;br&gt;slushy, smooth consistency, with no remaining  chunks of ice.&lt;br&gt;3. Add the remaining club soda and blend briefly until  mixed. You may&lt;br&gt;have to stop the blender and use a long  spoon to stir up the contents.&lt;br&gt;4. If necessary, put the blender into your freezer for  1/2-hour. This&lt;br&gt;will help thicken it up. After 1/2-hour  remove blender from freezer and,&lt;br&gt;again, blend briefly  to mix.&lt;br&gt;
&lt;hr&gt;
&lt;A name=20&gt;&lt;/a&gt;       &lt;b&gt;7-Up Bread&lt;br&gt;&lt;/b&gt;  &lt;br&gt;      Yield: 1 Servings&lt;br&gt; &lt;br&gt;      1 c  7-up&lt;br&gt;      1    egg&lt;br&gt;      1 T  vanilla (or any extract or&lt;br&gt;           -liquid f,lavoring you wish&lt;br&gt;      1 ds nutmeg&lt;br&gt;      3 c  bisquick&lt;br&gt;
In 1 1/2 quart mixing bowl, using wire whisk or mixing spoon, beat&lt;br&gt;7-Up with egg and vanilla (or extract/flavoring of your choice) and&lt;br&gt;beat in nutmeg (or any other powdered spice) to taste, till&lt;br&gt;thoroughly combined. Dump in the Bisquick.  Stir to mix well, but do&lt;br&gt;NOT overbeat or bread will be heavy!  Batter will be lumpy -- but al&lt;br&gt;dry particles well moistened by liquid ingredients.  Scrape batter&lt;br&gt;down into Pam sprayed 8&amp;quot; Pyrex loaf dish.&lt;br&gt;
Let stand 10 minutes to &amp;quot;proof&amp;quot; (give batter chance to rise a bit)&lt;br&gt;and bake in preheated 400 degree F oven 50 to 55 minutes -- or till&lt;br&gt;tests done. Best way to test it for doneness is to insert a&lt;br&gt;paper-covered wire trash bag &amp;quot;twist&amp;quot; through center of bread till it&lt;br&gt;touches the bottom of dish. When it come out clean of any wet batter,&lt;br&gt;remove to wire rack to cool 1 hour.&lt;br&gt;
Remove from baking dish &amp;amp; allow bread to cool another 3 hours before&lt;br&gt;attempting to slice it.  Store in plastic bags at room temperature to&lt;br&gt;use within 3 days.  Freeze bread to use within 3 months -- slicing it&lt;br&gt;before you freeze it, though.&lt;br&gt;
VARIATION:  Using Vernor's Gingerale in place of the 7-Up worked&lt;br&gt;every bit as well as with the 7-Up.  Follow recipe exactly as given&lt;br&gt;above, but you may use pumpking pie spice in place of nutmeg and&lt;br&gt;lemon extract instead of vanilla when you use the gingerale.  Or use&lt;br&gt;Squirt.&lt;br&gt;
&lt;hr&gt;
&lt;A name=21&gt;&lt;/a&gt;     &lt;b&gt;  7-Up Drop Biscuits&lt;br&gt;&lt;/b&gt;  &lt;br&gt;      Yield: 7 Servings&lt;br&gt; &lt;br&gt;      2 c  bisquick mix&lt;br&gt;    2/3 c  7-up&lt;br&gt;
Mix together with rubber bowl scraper until thick, sticky and moist.&lt;br&gt;Grease a 9&amp;quot; round layer cake pan or spray in Pam and drop dough into&lt;br&gt;pan by tablespoonful, making 7 portions -- one in the center &amp;amp; 6&lt;br&gt;other portions equally spaced around that.  Bake at 400 degrees F for&lt;br&gt;24 minutes or till golden brown.  Serve warm, splitting each biscuit&lt;br&gt;with your thumbs, rather than cutting them in half.&lt;br&gt;
Makes 7 large biscuits.&lt;br&gt;
&lt;hr&gt;
&lt;A name=22&gt;&lt;/a&gt;       &lt;b&gt;A &amp;amp; W Root Beer&lt;br&gt;&lt;/b&gt;  &lt;br&gt;      Yield: 1 Servings&lt;br&gt; &lt;br&gt;    3/4 c  sugar&lt;br&gt;    3/4 c  hot water&lt;br&gt;      1 l  cold seltzer water&lt;br&gt;    1/2 t  root beer concentrate&lt;br&gt;    1/8 t  root beer concentrate&lt;br&gt;
Dissolve the sugar in the hot water.  Add the root beer concentrate&lt;br&gt;and let cool.  Combine the root beer mixture with the cold seltzer&lt;br&gt;water, drink immediately or store in refrigerator in tightly covered&lt;br&gt;container. Makes 5 cups.&lt;br&gt;
 &lt;br&gt;
&lt;hr&gt;
&lt;A name=23&gt;&lt;/a&gt;      &lt;b&gt; A1-Sauce&lt;br&gt;&lt;/b&gt;  &lt;br&gt;      Yield: 1 Servings&lt;br&gt; &lt;br&gt;    1/2 c  dark molasses&lt;br&gt;      2    green onions -- chop&lt;br&gt;      3 T  coarse salt (kosher)&lt;br&gt;      3 T  dry mustard&lt;br&gt;      1 t  paprika&lt;br&gt;    1/4 t  cayene&lt;br&gt;      1    clove garlic -- crush or&lt;br&gt;      1 t  garlic powder&lt;br&gt;      1    anchovy fillet,chop -- or&lt;br&gt;      1 T  anchovey paste&lt;br&gt;      6 T  fresh taramind -- or&lt;br&gt;      1 T  taramind extract&lt;br&gt;      1 t  pepper&lt;br&gt;    1/2 t  fenugreek&lt;br&gt;    1/2 t  powdered ginger&lt;br&gt;    1/2 t  cinnamon,Ground&lt;br&gt;      1 t  powdered cloves&lt;br&gt;    1/2 t  caradamen seeds&lt;br&gt;      3 dr tabasco&lt;br&gt;      6 oz rhine wine&lt;br&gt;      2 oz rose wine&lt;br&gt;      1 pt white vinegar&lt;br&gt;      1 T  kitchen bouquet&lt;br&gt;      1 T  postum powder&lt;br&gt;
Put all spices (except last 6 ingr.) through blender till fine&lt;br&gt;powder.&lt;br&gt;
Place over low heat with half vinegar and simmer 1 hr; adding rest of&lt;br&gt;vinegar alittle at a time as mixture is reduced in bulk. Stir in&lt;br&gt;tabasco, wines, kitchen bouquet. Cook 3 min to dissolve. Remove from&lt;br&gt;heat. Pour into crock or tuperware container (2qt) Let stand covered&lt;br&gt;for 1 week. Then strain thru cheese- cloth, six times. bottle and cap&lt;br&gt;tightly. Keep refrigerated indefinely. Freeze to keep for years.&lt;br&gt;
&lt;hr&gt;
&lt;A name=24&gt;&lt;/a&gt;      &lt;b&gt; All-Purpose Ground Meat Mix&lt;br&gt;&lt;/b&gt;  &lt;br&gt;      Yield: 1 Servings&lt;br&gt; &lt;br&gt;      5 lb beef -- (or turkey or)&lt;br&gt;           -Ground&lt;br&gt;      1    chicken&lt;br&gt;      1 T  salt&lt;br&gt;      2 c  celery,Chopped&lt;br&gt;      2 c  onion,Chopped&lt;br&gt;      1 c  green pepper,Diced&lt;br&gt;
In a large pot or Dutch oven, brown the ground meat, stirring to&lt;br&gt;break up any large pieces.  Drain off excess grease.  Stir in salt,&lt;br&gt;celery, onion and bell pepper.  Cover; simmer until vegetables are&lt;br&gt;crisp/tender, about 10 minutes.  Remove from heat; set&lt;br&gt;
Ladle meat mixture into six 2-cup freezer containers with&lt;br&gt;tight-fitting lids; leave 1/2&amp;quot; of space at the top of each.  Draw a&lt;br&gt;knife several times through the mixture in each container to prevent&lt;br&gt;air pockets. Secure lids on the containers; label with date&lt;br&gt;
Makes 6 packages, or about 12 cups, of All-Purpose Ground Meat Mix.&lt;br&gt;
&lt;hr&gt;
&lt;A name=25&gt;&lt;/a&gt;      &lt;b&gt; Almond Joy Candy Bars&lt;br&gt;&lt;/b&gt;  &lt;br&gt;      Yield: 3 Servings&lt;br&gt; &lt;br&gt;      5 oz Sweetened condensed milk&lt;br&gt;      1 t  Vanilla extract&lt;br&gt;      2 c  Powdered sugar&lt;br&gt;     14 oz Premium coconut  OR,Shredded&lt;br&gt;           - flaked&lt;br&gt;     24 oz Milk chocolate chips&lt;br&gt;      1 c  Whole dry roasted almonds&lt;br&gt;
Blend the condensed milk and vanilla.&lt;br&gt;
Add the powdered sugar to the above mixture a little at a time,&lt;br&gt;stirring until smooth.&lt;br&gt;
Stir in the coconut.  The mixture should be firm.&lt;br&gt;
Pat the mixture firmly into a greased 9x13x2-inch pan.&lt;br&gt;
Chill in the refrigerator until firm. In a double boiler over hot, not&lt;br&gt;boiling water, melt the chocolate, stirring often.  You may also use a microwave.&lt;br&gt;
Remove the coconut mixture from the refrigerator and cut it into&lt;br&gt;1x2-inch bars.&lt;br&gt;
Put 2 whole almonds atop each bar. Set each coconut bar onto a&lt;br&gt;fork and dipit into the chocolate.&lt;br&gt;
Tap the fork against the side of the pan or bowl to remove any&lt;br&gt;excess chocolate.&lt;br&gt;
Air dry at room temperature on waxed paper for several hours.&lt;br&gt;
You may speed up the process by putting in the refrigerator for&lt;br&gt;30 minutes.&lt;br&gt;
&lt;hr&gt;
&lt;A name=26&gt;&lt;/a&gt;      &lt;b&gt; Almost Coco's Sour Cream Dressing&lt;br&gt;&lt;/b&gt;  &lt;br&gt;      Yield: 24 Servings&lt;br&gt; &lt;br&gt;  1 1/4 c  milk&lt;br&gt;      1 c  buttermilk&lt;br&gt;  2 1/4 c  mayonnaise&lt;br&gt;    1/4 c  cider vinegar&lt;br&gt;    1/2 c  parmesan cheese --,Grated&lt;br&gt;    1/4 t  pepper&lt;br&gt;      1 T  garlic salt&lt;br&gt;  1 1/2 c  sour cream&lt;br&gt;
In a mixing bowl, combine milk, buttermilk, mayonnaise, vinegar,&lt;br&gt;Parmesan cheese, pepper, and garlic salt. Mix wel  with wire whisk.&lt;br&gt;Fold in sour cream, leaving lumps intact. Refrigerate in a tightly&lt;br&gt;closed container. Makes 6 cups.&lt;br&gt;
&lt;hr&gt;
&lt;A name=27&gt;&lt;/a&gt;       &lt;b&gt;Almost Impossible Basic Baking Mix&lt;br&gt;&lt;/b&gt;  &lt;br&gt;      Yield: 1 Servings&lt;br&gt; &lt;br&gt;  2 3/4 c  all-purpose flour*&lt;br&gt;    1/3 c  nonfat dry milk powder&lt;br&gt;      1 T  sugar&lt;br&gt;      1 T  double-acting baking powder&lt;br&gt;      1 t  salt&lt;br&gt;      6 T  solid vegetable shortening&lt;br&gt;
*To vary the mix, replace half of the flour with whole-wheat flour&lt;br&gt;
or cornmeal.  Combine flour, dry milk, sugar, baking powder, salt and&lt;br&gt;
shortening in food processor. Pulse until mixture is well blended and&lt;br&gt;
smooth. Store in container with tight-fitting cover in cool place for&lt;br&gt;
up to 4 weeks. Stir well before using.&lt;br&gt;
:&lt;br&gt;
&lt;hr&gt;
&lt;A name=28&gt;&lt;/a&gt;       &lt;b&gt;Almost Kentucky Fried Chicken&lt;br&gt;&lt;/b&gt;  &lt;br&gt;      Yield: 4 Servings&lt;br&gt; &lt;br&gt;      3 lb Chicken&lt;br&gt;      2 pk Italian salad dressing mix&lt;br&gt;      3 T  Flour&lt;br&gt;      2 t  Salt&lt;br&gt;    1/4 c  Lemon juice&lt;br&gt;      1 c  Milk&lt;br&gt;  1 1/2 c  Pancake mix&lt;br&gt;      1 t  Paprika&lt;br&gt;    1/2 t  Sage&lt;br&gt;    1/4 t  Pepper&lt;br&gt;
Makae a paste out of the marinade ingredients. Coat chicken evenly.&lt;br&gt;
Stack chicken pieces in a bowl. Cover and refrigerate overnight or at&lt;br&gt;leastfor several hours.&lt;br&gt;
Mix pancake mix with other seasonings.&lt;br&gt;
Dip pieces of chicken in milk, then in pancake coating. Dust off&lt;br&gt;excess.   Lightly brown in skillet with 1/2 inch vegtable oil in it.&lt;br&gt;Brown for 4 minutes each side.&lt;br&gt;
Remove and place in a single layer on shallow baking pan. Seal&lt;br&gt;with flour. Bake for 1 hour at 350 Uncover and baste again with milk.&lt;br&gt;Return, uncovered,  to oven heated to  400, to crisp for 10 minutes.&lt;br&gt;
&lt;hr&gt;
&lt;A name=29&gt;&lt;/a&gt;&lt;b&gt;       Almost Marie Callendar's Potato Cheese Soup&lt;br&gt;&lt;/b&gt;  &lt;br&gt;      Yield: 8 Servings&lt;br&gt; &lt;br&gt;      8 c  potatoes -- and,Peeled&lt;br&gt;      1    cubed&lt;br&gt;      2 c  onion,Chopped&lt;br&gt;      4 c  celery,Chopped&lt;br&gt;      2 t  salt&lt;br&gt;      4 c  water&lt;br&gt;      4 c  half-and-half&lt;br&gt;      6 T  butter (or margarine)&lt;br&gt;      1 c  sharp cheddar,Shredded&lt;br&gt;      1    cheese&lt;br&gt;
Place potatoes, onions, celery, and salt in the 4 c of water in a&lt;br&gt;large pot. Simmer about 15 minutes until vegetables are tender. Put&lt;br&gt;in blender and puree until chunky. Return soup to pot and add&lt;br&gt;half-and-half, butter, and cheese. Simmer until hot. Do NOT&lt;br&gt;
&lt;hr&gt;
&lt;A name=30&gt;&lt;/a&gt;       &lt;b&gt;Almost Marie Callender's Corn Bread &lt;br&gt;&lt;/b&gt;  &lt;br&gt;      Yield: 18 Servings&lt;br&gt; &lt;br&gt;      1    1 9 ounce box&lt;br&gt;      1    1 9 ounce box&lt;br&gt;
:    jiffy corn muffin mix&lt;br&gt;:    yellow cake mix&lt;br&gt;
In a bowl prepare the corn muffin mix following directions on the&lt;br&gt;box. In another bowl make the cake mix following directions on the&lt;br&gt;box. Combine the 2 mixes and mix well. Pour batter into a&lt;br&gt;9-by-12-inch pan. Bake in 350-degree oven for 30 to 35 minutes or&lt;br&gt;until a wooden pick inserted in the center comes out clean.&lt;br&gt;
&lt;hr&gt;
&lt;A name=31&gt;&lt;/a&gt;       &lt;b&gt;Applebee's Baked French Onion Soup&lt;br&gt;&lt;/b&gt;  &lt;br&gt;      Yield: 10 Servings&lt;br&gt; &lt;br&gt;      3 T  vegetable oil&lt;br&gt;      6 md white onions,sliced&lt;br&gt;      8 c  beef broth,(Swanson is&lt;br&gt;           -best)&lt;br&gt;      1 c  water&lt;br&gt;  2 1/2 t  salt&lt;br&gt;    1/2 t  garlic powder&lt;br&gt;    1/4 t  black pepper,Ground&lt;br&gt;      5    plain hamburger buns&lt;br&gt;     10 sl provolone cheese&lt;br&gt;     10 t  parmesan cheese,Shredded&lt;br&gt;
1. Add 3 tablespoons oil to a large soup pot or saucepan over&lt;br&gt;medium/high heat. Add the sliced onions and saute for 20 minutes until the&lt;br&gt;onions begin to soften and start to become translucent. You don't want them to&lt;br&gt;brown.&lt;br&gt;
2. Add the beef broth, water, salt, garlic powder and black pepper to&lt;br&gt;the pan and bring mixture to a boil. When soup begins to boil, reduce heat&lt;br&gt;and simmer for 45 minutes. &lt;br&gt;
3. To make the croutons cut off the top half of each top of the hamburger bun so&lt;br&gt;that the bread is the same thickness as the bottom half of each bun. Throw the&lt;br&gt;tops away. Now you should have 10 round pieces of bread -- 5 bottom buns, and&lt;br&gt;5 top buns with the tops cut off. Preheat oven to 325 degrees. Place the bread in&lt;br&gt;the oven directly on the rack and bake for 15 to 20 minutes or until each piece is&lt;br&gt;golden brown and crispy. Set these croutons aside until you need them. &lt;br&gt;
4. When the soup is done, spoon about 1 cup into an oven-safe bowl. Float a&lt;br&gt;crouton on top of the soup, then place a slice of provolone cheese on top of the&lt;br&gt;crouton. Sprinkle 1/2 teaspoon of shredded parmesan cheese over the&lt;br&gt;provolone. &lt;br&gt;
5. Place the bowl into your oven set to high broil. Broil the soup for 5&lt;br&gt;to 6 minutes or until the cheese is melted and starting to brown (you may&lt;br&gt;need to broil longer if you are making more than one bowl at a time).&lt;br&gt;Sprinkle an additional 1/2 teaspoon of shredded parmesan cheese over the top&lt;br&gt;of the soup and serve. Repeat process to prepare remaining servings.&lt;br&gt; &lt;br&gt;Makes 10 servings.&lt;br&gt;.&lt;br&gt;
&lt;hr&gt;
&lt;A name=32&gt;&lt;/a&gt;       &lt;b&gt;Applebee's Bananaberry Freeze&lt;br&gt;&lt;/b&gt;  &lt;br&gt;      Yield: 2 Servings&lt;br&gt; &lt;br&gt;      2 c  ice,Crushed&lt;br&gt;      1    ripe banana&lt;br&gt;    3/4 c  strawberry puree,(drink&lt;br&gt;           -mixer)&lt;br&gt;    1/4 c  pina colada mix&lt;br&gt;           **Garnish**&lt;br&gt;           whipped cream&lt;br&gt;      2    fresh strawberries&lt;br&gt;      2    banana,Slices&lt;br&gt;
1. Combine all ingredients in a blender on high speed. Mix for 10 to&lt;br&gt;15 seconds, or until smooth. &lt;br&gt;
2. Pour into two wine glasses. Swirl whipped cream on top of each glass. &lt;br&gt;
3. Slice each strawberry halfway up through the middle and add one to the rim of&lt;br&gt;each glass. &lt;br&gt;
4. Cut a banana slice halfway through the middle and add one to the rim of each&lt;br&gt;glass next to the strawberry. Serve with a straw.  &lt;br&gt;
Makes 2 servings.&lt;br&gt;
&lt;hr&gt;
&lt;A name=33&gt;&lt;/a&gt;&lt;b&gt;       Applebee's Blonde Brownies&lt;br&gt;&lt;/b&gt;  &lt;br&gt;      Yield: 1 Servings&lt;br&gt; &lt;br&gt;      1 c  flour,Sifted&lt;br&gt;    1/2 t  baking powder&lt;br&gt;    1/8 t  baking soda&lt;br&gt;    1/8 t  salt&lt;br&gt;    1/2 c  walnuts,Chopped&lt;br&gt;    1/3 c  butter (or margarine)&lt;br&gt;      1 c  brown sugar,Packed&lt;br&gt;      1    egg,beaten&lt;br&gt;      1 T  vanilla extract&lt;br&gt;    1/2 c  white chocolate chips&lt;br&gt;
Preheat oven to 350.  Measure 1 cup sifted flour.  Add baking powder,&lt;br&gt;baking soda and salt.  Sift again.  Add chopped nuts.  Mix well and set&lt;br&gt;aside.  Melt butter.  Add brown sugar and mix well.  Add egg and&lt;br&gt;vanilla. Blend well.  Add flour mixture, a little at a time, mixing well.  Stir&lt;br&gt;in white chocolate chips.  Spread in a 9x9x2-inch pan.  Bake for 20-25&lt;br&gt;minutes or until toothpick inserted in center comes out clean or with slightly&lt;br&gt;fudgy looking crumbs.  Serve blondies warmed so they wil  be soft with&lt;br&gt;ice cream and maple butter sauce.&lt;br&gt;
&lt;b&gt;Maple butter sauce: &lt;/b&gt;&lt;br&gt;
3/8 cup maple syrup&lt;br&gt;1/4 cup butter&lt;br&gt;3/8 cup brown sugar&lt;br&gt;8-oz cream cheese, softened&lt;br&gt;1/4-1/2 tsp maple extract or flavoring&lt;br&gt;
Combine syrup and butter, cook over low heat until butter is melted.&lt;br&gt;Stir in brown sugar until dissolved.  Remove from heat and beat in cream&lt;br&gt;cheese and maple extract until smooth.  Heat again either over low heat or in&lt;br&gt;the microwave at short intervals to reach desired sauce consistency.  Serve&lt;br&gt;over blondies topped with vanilla ice cream.  Should be enough sauce to&lt;br&gt;generously top a 9x13-inch pan recipe.&lt;br&gt;
&lt;hr&gt;
&lt;A name=34&gt;&lt;/a&gt;       &lt;b&gt;Applebee's Low-Fat Asian Chicken Salad&lt;br&gt;&lt;/b&gt;  &lt;br&gt;      Yield: 1 Servings&lt;br&gt; &lt;br&gt;      1 c  teriyaki marinade&lt;br&gt;      4    chicken breast fillets&lt;br&gt;           **Fat-Free Asian Dressing**&lt;br&gt;      2 c  water&lt;br&gt;    1/2 c  granulated sugar&lt;br&gt;      3 T  dry pectin&lt;br&gt;      1 T  white vinegar&lt;br&gt;    1/2 t  soy sauce&lt;br&gt;      1 t  salt&lt;br&gt;    1/4 t  garlic powder&lt;br&gt;    1/4 t  black pepper,Ground&lt;br&gt;    1/4 t  paprika&lt;br&gt;           **salad**&lt;br&gt;      8 c  romaine lettuce,Chopped&lt;br&gt;      8 c  iceberg lettuce,Chopped&lt;br&gt;      3 c  red cabbage,Shredded&lt;br&gt;      3 c  green cabbage,Shredded&lt;br&gt;      2 c  carrots,Shredded&lt;br&gt;      1 c  green onion,Chopped&lt;br&gt;  1 1/3 c  crispy chow mein noodles&lt;br&gt;
1. Combine teriyaki marinade and chicken breasts in a medium bowl or&lt;br&gt;resealable plastic bag. Marinate chicken for 3-4 hours. &lt;br&gt;
2. Prepare the dressing by combining all of the ingredients in a small saucepan&lt;br&gt;over medium heat. Bring mixture to a rolling boil while stirring often with&lt;br&gt;a whisk, then remove the pan from the heat to cool. When dressing has&lt;br&gt;cooled, pour it into a covered container and chill. &lt;br&gt;
3. When chicken breasts have marinated, preheat barbecue grill to high heat.&lt;br&gt;Grill chicken for 3-4 minutes per side, or until done. &lt;br&gt;
4. Combine the romaine and iceberg lettuce, red and green cabbage and 1 cup&lt;br&gt;of shredded carrots in a large bowl with the dressing. Toss well. &lt;br&gt;
5. Divide the tossed greens among four plates. Sprinkle 1/4 cup of green onions&lt;br&gt;over each salad, followed by 1/3 cup of crispy chow mein noodles. &lt;br&gt;
6. When the chicken breasts are done, slice each one, widthwise, into bite-size&lt;br&gt;pieces. Sprinkle the sliced chicken breasts over each salad. &lt;br&gt;
7. Place a 1/4 cup pile of shredded carrots in the center of each salad.&lt;br&gt;
&lt;hr&gt;
&lt;A name=35&gt;&lt;/a&gt;       &lt;b&gt;Applebee's Low-Fat Blackened Chicken Salad&lt;/b&gt;&lt;br&gt;
   &lt;br&gt;
   **Dressing**&lt;br&gt;
     **Chicken Marinade**&lt;br&gt;
    1/4 c  fat free mayonnaise&lt;br&gt;
      1 c  water&lt;br&gt;
    1/4 c  Grey Poupon Dijon mustard&lt;br&gt;
      3 T  lime juice&lt;br&gt;
    1/4 c  honey&lt;br&gt;
      2 T  soy sauce&lt;br&gt;
      1 T  prepared mustard&lt;br&gt;
    1/2 T  Worcestershire&lt;br&gt;
      1 T  white vinegar&lt;br&gt;
           **Cajun Spice Blend**&lt;br&gt;
    1/8 t  paprika&lt;br&gt;
    1/2 T  salt&lt;br&gt;
        **Salad**&lt;br&gt;
      1 t  sugar&lt;br&gt;
      8 c  iceberg lettuce,Chopped&lt;br&gt;
      1 t  paprika&lt;br&gt;
    1/2 c  red cabbage,Shredded&lt;br&gt;
      1 t  onion powder&lt;br&gt;
    1/2 c  carrot,Shredded&lt;br&gt;
      1 t  black pepper&lt;br&gt;
    1/2 c  fat free mozzarella,Shredded     1/2 t  garlic powder&lt;br&gt;    1/2 c  fat free cheddar,Shredded &lt;br&gt;
    1/2 t  cayenne pepper&lt;br&gt;
      1 lg tomato,diced&lt;br&gt;
    1/2 t  white pepper&lt;br&gt;
      1    hardboiled egg white,diced&lt;br&gt;
  **other**&lt;br&gt;      2    boneless,skinless chicken breast halves&lt;br&gt;      2 T  light butter&lt;br&gt;
                 &lt;br&gt;
1.  Make dressing by combining ingredients in a small bowl.  Mix wel  by hand.  Store in&lt;br&gt;a covered container in the refrigerator until salad is ready.  &lt;br&gt;
2.  Combine water, lime juice, soy sauce, and Worcestershire in a medium bowl, and&lt;br&gt;stir.  Add the chicken breasts to the marinade, cover bowl and keep in refrigerator for&lt;br&gt;several hours.  Overnight is even better.&lt;br&gt;
3. When chicken is marinated, preheat a frying pan or skillet (an iron skil et, if you've got&lt;br&gt;it) over medium/high heat.  Also, preheat your barbecue grill to medium/high heat.  &lt;br&gt;
4.  Combine the spices for the Cajun spice blend in a small bowl.  Sprinkle a teaspoon&lt;br&gt;of the spice blend over one side of each of the chicken breasts.  Cover the entire&lt;br&gt;surface of the chicken with spice.  &lt;br&gt;
5.  Melt the butter in the hot pan, then sear the chicken breasts for 2-3 minutes on the&lt;br&gt;side with the spices.  While first side cooks, sprinkle another teaspoon of spice over the&lt;br&gt;top of each chicken breast, coating that side as you did the other.  Flip the chicken over,&lt;br&gt;and sear for another 2-3 minutes.  The surface of the chicken wil  be coated with a&lt;br&gt;charred, black layer of flavor.  This is exactly what you are shooting for.  &lt;br&gt;
6.  Finish the chicken off on your barbecue grill. Grill each breast on both sides for 2-3&lt;br&gt;minutes, or until they are done.  &lt;br&gt;
7. While chicken is cooking prepare the salads by splitting the lettuce into two large&lt;br&gt;bowls.  Toss in the red cabbage and carrots.  Mix the cheeses together, then top the&lt;br&gt;salad with the cheeses and hard boiled egg. Sprinkle the diced tomato on each salad.&lt;br&gt;
 8.  Slice the chicken breast, across each breast in 1/2-inch-thick slices.  Spread the&lt;br&gt;chicken over the top of the salad and serve immediately with dressing on the side.&lt;br&gt;
Serves 2 as an entree.&lt;br&gt;
&lt;hr&gt;
&lt;A name=36&gt;&lt;/a&gt;   &lt;b&gt;    Applebee's Oriental Chicken Salad&lt;br&gt;&lt;/b&gt;  &lt;br&gt;      Yield: 1 Servings&lt;br&gt;
   dressing:&lt;br&gt;3 TB Honey&lt;br&gt;1 1/2 ts White Vinegar&lt;br&gt;4 ts Mayonnaise&lt;br&gt;1 TB Dijon Mustard&lt;br&gt;1/8 ts Sesame Oil&lt;br&gt;    Salad:&lt;br&gt;Vegetable Oil -- For Frying&lt;br&gt;1    Egg&lt;br&gt;1/2 c  Milk&lt;br&gt;1/2 c  Flour&lt;br&gt;1/2 c  Corn Flake Crumbs&lt;br&gt;1 ts Salt&lt;br&gt;1/4 ts Pepper&lt;br&gt;1    Skinless Boneless Chicken Breast Halves&lt;br&gt;3 c  Romaine Lettuce -- Chopped&lt;br&gt;1 c  Red Cabbage -- Chopped&lt;br&gt;1 c  Napa Cabbage -- Chopped&lt;br&gt;1/2    Carrot -- Shredded&lt;br&gt;1    Green Onion -- Sliced&lt;br&gt;1 TB Almonds -- Sliced&lt;br&gt;1/3 c  Chow Mein Noodles&lt;br&gt;
Using an electric mixer, blend together al  the ingredients for the&lt;br&gt;dressing in a small bowl.  Put the dressing in the refrigerator to&lt;br&gt;chill while you prepare the salad.  Preheat the oil in a deep fryer&lt;br&gt;or frying pan over medium heat to 350.  Oil needs to be at least 1/2&amp;quot;&lt;br&gt;deep.  In a small, shallow bowl beat the egg, add the milk and mix&lt;br&gt;well.  In another bowl, combine the flour with the cornflake crumbs,&lt;br&gt;salt and pepper.  Cut the chicken breast into 4 to 5 long strips.&lt;br&gt;Dip each strip into the egg mixture then into the flour mixture,&lt;br&gt;coating each piece completely.  Fry each chicken finger for 5 minutes&lt;br&gt;or until the coating has darkened to brown.  Prepare the salad by&lt;br&gt;tossing the romaine with the red cabbage, napa cabbage and carrot.&lt;br&gt;Sprinkle the green onion on top of the lettuce mixture.  Sprinkle the&lt;br&gt;almonds over the salad, then the chow mein noodles. Cut the chicken&lt;br&gt;into bite-size chunks.  Place the chicken on the salad, forming a&lt;br&gt;pile in the middle.  Serve with salad dressing on the side.&lt;br&gt;
&lt;hr&gt;
&lt;A name=37&gt;&lt;/a&gt;       &lt;b&gt;Applebee's Quesadillas&lt;br&gt;&lt;/b&gt;  &lt;br&gt;      Yield: 2 Servings&lt;br&gt; &lt;br&gt;      1    2 flour tortilla -- 10 size&lt;br&gt;
2 TB Butter -- Softened&lt;br&gt;1/3 c  Monterey Jack Cheese --&lt;br&gt;:          Shredded&lt;br&gt;1/3 c  Cheddar Cheese -- Shredded&lt;br&gt;1/2 md Tomato -- Chopped&lt;br&gt;2 ts Onion -- Diced&lt;br&gt;1 ts Jalapeno -- Diced&lt;br&gt;1 sl Bacon -- Cooked&lt;br&gt;1/4 ts Fresh Cilantro -- Finely&lt;br&gt;:          Chopped&lt;br&gt;:       ds Salt&lt;br&gt;:          Sour Cream&lt;br&gt;:          Guacamole&lt;br&gt;:          Salsa&lt;br&gt;
Heat a large frying pan over medium heat.  Spread half of the butter&lt;br&gt;on one side of each tortilla.  Put tortilla, butter side down, in the&lt;br&gt;hot pan. Spread the cheeses evenly onto the center of the tortilla in&lt;br&gt;the pan. Sprinkle the tomato, onion and jalapeno over the cheese.&lt;br&gt;Crumble the bacon and sprinkle it over the other ingredients.&lt;br&gt;Sprinkle the cilantro and dash of salt over the other ingredients.&lt;br&gt;Top with the remaining tortilla, buttered side up.  When the bottom&lt;br&gt;tortilla has browned, flip the quesadilla over and grill the other&lt;br&gt;side.  Remove from pan and cut into 6 slices, using pizza cutter.&lt;br&gt;
 &lt;br&gt;
&lt;hr&gt;
&lt;A name=38&gt;&lt;/a&gt;&lt;b&gt;      Applebee's Tequila Lime Chicken&lt;/b&gt;&lt;br&gt;
  &lt;br&gt;
       **Marinade**&lt;br&gt;
      1 t  minced jalapeno,Canned&lt;br&gt;
      1 c  water&lt;br&gt;
slices,(nacho slices)&lt;br&gt;
    1/3 c  teriyaki sauce&lt;br&gt;
     1 t  onion,Minced&lt;br&gt;
      2 T  lime juice&lt;br&gt;
    1/4 t  parsley,Dried&lt;br&gt;
      2 t  garlic,Minced&lt;br&gt;
    1/4 t  Tabasco pepper sauce&lt;br&gt;
      1 t  mesquite liquid smoke&lt;br&gt;
    1/8 t  salt&lt;br&gt;
-flavoring&lt;br&gt;
    1/8 t  dill weed,Dried&lt;br&gt;
    1/2 t  salt&lt;br&gt;
    1/8 t  paprika&lt;br&gt;
    1/4 t  ginger,Ground&lt;br&gt;
    1/8 t  cayenne pepper&lt;br&gt;
    1/4 t  tequila&lt;br&gt;
    1/8 t  cumin&lt;br&gt;
      4    chicken breast fillets&lt;br&gt;
    1/8 t  chili powder&lt;br&gt;
   **Mexi-Ranch Dressing**&lt;br&gt;
      1 ds garlic powder&lt;br&gt;
    1/4 c  mayonnaise&lt;br&gt;
      1 ds black pepper,Ground&lt;br&gt;
    1/4 c  sour cream&lt;br&gt;
           **other**&lt;br&gt;
      1 T  milk&lt;br&gt;
      1 c  cheddar/monterey jack cheese&lt;br&gt;
      2 t  tomato,Minced&lt;br&gt;
           - blend,shredded&lt;br&gt;
  1 1/2 t  white vinegar&lt;br&gt;
      2 c  crumbled corn chips or,(see&lt;br&gt;
    &lt;br&gt;
tidbits) fried tortilla strips&lt;br&gt;
  &lt;br&gt;1. Prepare marinade by combining marinade ingredients in a medium bowl. Add&lt;br&gt;the chicken to the bowl, cover and chill for 2 to 3 hours. &lt;br&gt;2. Make the mexi-ranch dressing by combining all of the ingredients in a medium&lt;br&gt;bowl. Mix well until smooth, then cover dressing and chill it until needed. &lt;br&gt;3. When you are ready to prepare the entree, preheat the oven to high broil.&lt;br&gt;Also, preheat your barbecue or indoor grill to high heat. When the grill is hot&lt;br&gt;cook the marinated chicken breasts for 3 to 5 minutes per side, or until they're&lt;br&gt;done. &lt;br&gt;4. Arrange the cooked chicken in a baking pan. Spread a layer of mexi-ranch&lt;br&gt;dressing over each piece of chicken (you'll have plenty left over), followed by 1/4&lt;br&gt;cup of the shredded cheese blend. Broil the chicken for 2 to 3 minutes, or just&lt;br&gt;until the cheese has melted. &lt;br&gt;5. Spread a bed of 1/2 cup of the tortilla strips or crumbled corn chips on each of&lt;br&gt;four plates. Slide a chicken breast onto the chips on each plate and serve with&lt;br&gt;your choice of rice, and pico de gallo, or salsa.  Serves 4.&lt;br&gt;
Tidbits: Crumbling store-bought tortilla chips is the easy way to make the bed of&lt;br&gt;crunchy chips that the tequila lime chicken rests on. But, you can make tortilla&lt;br&gt;strips like those served at the restaurant by cutting a stack of eight 6-inch corn&lt;br&gt;tortillas in half. Stack the halves on top of each other and slice the tortillas into&lt;br&gt;thin strips. Fry the tortilla strips in 2 cups of oil preheated in a large skillet for 3-5&lt;br&gt;minutes or until crispy. Salt lightly and cool on paper towels to drain.&lt;br&gt;
&lt;hr&gt;
&lt;A name=39&gt;&lt;/a&gt;       &lt;b&gt;Arby's Bronco Berry Sauce&lt;br&gt;&lt;/b&gt;  &lt;br&gt;      Yield: 1 Servings&lt;br&gt; &lt;br&gt;    3/4 c  water&lt;br&gt;    1/3 c  sugar&lt;br&gt;    1/4 c  corn syrup&lt;br&gt;      3 T  pectin&lt;br&gt;      2 t  cornstarch&lt;br&gt;      1 t  vinegar&lt;br&gt;     50 dr or 1/4 teaspoon red food&lt;br&gt;           -coloring&lt;br&gt;    1/8 t  onion powder&lt;br&gt;           dash cayenne pepper&lt;br&gt;           dash garlic powder&lt;br&gt;           dash paprika&lt;br&gt;    1/4 c  red bel  pepper,Minced&lt;br&gt;    1/2 t  minced jalapeno,Canned&lt;br&gt;           -peppers&lt;br&gt;
1. Combine all the ingredients except the bell pepper and minced&lt;br&gt;jalapeno in a small saucepan. Whisk well.&lt;br&gt;2. Set saucepan over medium/high heat, uncovered. Add peppers and bring&lt;br&gt;mixture to a ful  boil, stirring often.&lt;br&gt;3. Reduce heat and simmer sauce for 5 to 7 minutes, or until thick.&lt;br&gt;Remove from heat and let sauce sit for about 10 minutes. Stir and cover.&lt;br&gt;4. Use sauce when it reaches room temperature or cover and chill until&lt;br&gt;needed.&lt;br&gt;
&lt;hr&gt;
&lt;A name=40&gt;&lt;/a&gt;       &lt;b&gt;Arby's Horsey Sauce&lt;br&gt;&lt;/b&gt;  &lt;br&gt;      Yield: 1 Servings&lt;br&gt; &lt;br&gt;      1 c  Mayo&lt;br&gt;      3 T  Bottled Horseradish Sauce&lt;br&gt;      1 T  Sugar&lt;br&gt;      2 pk Equal&lt;br&gt;
Mix all well. Keep refrigerated, tightly covered to use in 2 weeks.&lt;br&gt;Do not freeze.&lt;br&gt;
&lt;hr&gt;
&lt;A name=41&gt;&lt;/a&gt;       &lt;b&gt;Arby's Jamocha Shake&lt;br&gt;&lt;/b&gt;  &lt;br&gt;      Yield: 2 Servings&lt;br&gt; &lt;br&gt;      1 c  cold coffee&lt;br&gt;      1 c  low-fat milk&lt;br&gt;      3 T  granulated sugar&lt;br&gt;      1 ds salt&lt;br&gt;      3 c  vanilla ice cream&lt;br&gt;      3 T  chocolate syrup&lt;br&gt;
1. Combine the coffee, milk, sugar and salt in a blender and mix on&lt;br&gt;medium speed for 15 seconds to dissolve the sugar. &lt;br&gt;2. Add ice cream, and chocolate syrup then blend on high speed until smooth&lt;br&gt;and creamy. Stop blender and stir mixture with a spoon if necessary to help&lt;br&gt;blend ingredients. &lt;br&gt;3. Pour drink into two 16-ounce glasses.  Makes 2 large drinks.&lt;br&gt;
&lt;hr&gt;
&lt;A name=42&gt;&lt;/a&gt;  &lt;b&gt;     Arby's Sauce&lt;br&gt;&lt;/b&gt;  &lt;br&gt;      Yield: 1 Servings&lt;br&gt; &lt;br&gt;      1 c  ketchup&lt;br&gt;      2 t  water&lt;br&gt;    1/4 t  garlic powder&lt;br&gt;    1/4 t  onion powder&lt;br&gt;    1/4 t  pepper&lt;br&gt;    1/4 t  salt&lt;br&gt;    1/2 t  Tabasco pepper sauce&lt;br&gt;
1. Combine all the ingredients in a small saucepan and cook over&lt;br&gt;medium heat, stirring constantly, until the sauce begins to boil, 5 to 10&lt;br&gt;minutes.&lt;br&gt;
2. Remove the sauce from the heat. Cover and allow to cool. &lt;br&gt;
3. Pour into a covered container for storage in your refrigerator. Keeps for a&lt;br&gt;month or two. Makes 1 cup. &lt;br&gt;
.&lt;br&gt;
&lt;hr&gt;
&lt;A name=43&gt;&lt;/a&gt;       &lt;b&gt;Arizona Green Tea With Ginseng And Honey&lt;br&gt;&lt;/b&gt;  &lt;br&gt;      Yield: 2 Servings&lt;br&gt; &lt;br&gt;      2 qt water&lt;br&gt;      1    lipton green tea bag&lt;br&gt;    1/2 c  sugar&lt;br&gt;      2 T  honey&lt;br&gt;      3 T  lemon juice&lt;br&gt;    1/4 t  ginseng extract&lt;br&gt;
Hard to believe it takes only one regular-size green tea bag to make&lt;br&gt;this entire 2-quart clone of the popular iced tea in the foam green bottles.&lt;br&gt;Find the liquid ginseng for this recipe in your local health food store.&lt;br&gt;Be sure to get American ginseng if you can -- since the Chinese stuff can&lt;br&gt;taste pretty rank.&lt;br&gt;1. Heat water in a large saucepan until it boils. Turn off heat, put the teabag in&lt;br&gt;the water, then cover the pan and let the tea steep for 1 hour.&lt;br&gt;
2. Pour the sugar and honey into a 2-quart pitcher. Pour the tea into the pitcher&lt;br&gt;and stir to dissolve sugar.&lt;br&gt;
3. Add lemon juice and ginseng and stir. Chill and serve.&lt;br&gt;
&lt;hr&gt;
&lt;A name=44&gt;&lt;/a&gt;     &lt;b&gt;  Arthur Treacher's Fish Batter&lt;br&gt;&lt;/b&gt;  &lt;br&gt;      Yield: 1 Servings&lt;br&gt; &lt;br&gt;      3 lb Fish Fillets&lt;br&gt;      2 c  All-purpose flour&lt;br&gt;      3 c  Pancake mix&lt;br&gt;      3 c  Club soda&lt;br&gt;      1 T  Onion powder&lt;br&gt;      1 T  Seasoned salt&lt;br&gt;
Dip moistened fish pieces evenly but lightly in the flour.&lt;br&gt;
Dust off any excess flour and allow pieces to air dry on waxed paper,&lt;br&gt;about 5 minutes.&lt;br&gt;
Whip the pancake mix with the club soda to the consistency of&lt;br&gt;buttermilk- pourable, but not too thin and not too thick. beat in the onion powder&lt;br&gt;and seasoned salt. &lt;br&gt;
Dip floured fillets into batter and drop into 425 oil in heavy saucepan using meat&lt;br&gt;thermometer. Brown about 4 minutes per side.&lt;br&gt;
Arrange on cookie sheet in 325 oven until all pieces have been fired.&lt;br&gt;
&lt;hr&gt;
&lt;A name=45&gt;&lt;/a&gt;       &lt;b&gt;Aunt Jemima Maple Syrup&lt;br&gt;&lt;/b&gt;  &lt;br&gt;      Yield: 1 Servings&lt;br&gt; &lt;br&gt;      2 c  water&lt;br&gt;      1 c  granulated sugar&lt;br&gt;      2 c  dark corn syrup&lt;br&gt;    1/4 t  salt&lt;br&gt;      1 t  maple flavoring&lt;br&gt;
Combine the first four ingredients in a suacepan over medium heat.&lt;br&gt;
Stir occasionally, until the mixture comes to a full boil.  Let it boil for 7 minutes.&lt;br&gt;
Turn the heat off and let the syrup cool for 15 minutes.&lt;br&gt;
Add the maple flavoring and stir.&lt;br&gt;
When completely cool, transfer the syrup to a covered plastic or glass container.&lt;br&gt;Makes 1 quart.&lt;br&gt;
For syrup with a butter flavor, just add  3tablespoons of butter to the mixture&lt;br&gt;before heating.&lt;br&gt;
For a lighter syrup, use a sugar substitute instead of the granulated sugar.&lt;br&gt;
&lt;hr&gt;
&lt;A name=46&gt;&lt;/a&gt;       Aunt Pajama's Pancake Mix&lt;br&gt;  &lt;br&gt;      Yield: 8 Servings&lt;br&gt;     &lt;br&gt;  THE MIX  ========================&lt;br&gt;      2 c  self-rising flour&lt;br&gt;      2 c  bisquick&lt;br&gt;    1/2 c  sugar&lt;br&gt;    1/2 c  non-dairy creamer powder&lt;br&gt;  TO USE THE MIX  =================&lt;br&gt;      1    egg&lt;br&gt;      8 oz 7-up&lt;br&gt;  1 3/4 c  prepared pancake mix&lt;br&gt;
THE MIX-In an 8-cup container, stir together flour, Bisquick, sugar&lt;br&gt;and creamer. Cover tightly. Refrigerate mix to use within 3 months.&lt;br&gt;Makes 7 cups of mix. TO USE-Into blender,put egg, 7-up and prepared&lt;br&gt;pancake mix. Blend at high speed until smooth, 1 minute. Allow 1/3 c&lt;br&gt;batter for each 6&amp;quot; pancakes. Makes 8 pancakes. .&lt;br&gt;
&lt;hr&gt;
&lt;A name=47&gt;&lt;/a&gt;    &lt;b&gt;   Auntie Anne's Pretzels&lt;/b&gt;&lt;br&gt;
[...]
1 tb chicken bouillon powder&lt;br&gt;1 ts dry chopped onion&lt;br&gt;1/2 ts dry minced parsley&lt;br&gt;1/4 ts garlic powder&lt;br&gt;1/4 ts onion powder&lt;br&gt;1 ts ground turmeric&lt;br&gt;1/2 ts ground cumin&lt;br&gt;1/4 ts ground ginger&lt;br&gt;1/2 ts black pepper&lt;br&gt;1 1/2 ts season salt -- to 2 ts&lt;br&gt;2 c  water&lt;br&gt;2 tb butter or margarine&lt;br&gt;
1 c  Premium Minute Rice 1/3 c  Dry wild rice  Combine all of&lt;br&gt;the ingredients as listed in Dry Mix in medium saucepan. Add to this&lt;br&gt;water, butter, rice and dry wild rice. Bring to boil. Stir once or&lt;br&gt;twice just to combine. Cover pan with lid tightly.&lt;br&gt;
&lt;hr&gt;
&lt;A name=645&gt;&lt;/a&gt;&lt;b&gt;       V-8 For Canning&lt;/b&gt;&lt;br&gt;
      8 qt tomatoes,Cut Up&lt;br&gt;      2 md onions,diced&lt;br&gt;  1 1/4 c  celery,Diced&lt;br&gt;      1    green pepper,large, seeded&lt;br&gt;           -and&lt;br&gt;           --,Chopped&lt;br&gt;      3    bay leaves&lt;br&gt;      3 T  sugar&lt;br&gt;     10    basil leaves&lt;br&gt;    1/2 t  pepper&lt;br&gt;      2 t  worcestershire sauce&lt;br&gt;           -(optional)&lt;br&gt;      4 t  salt,if desired&lt;br&gt;
In a large enameled kettle, simmer the tomatoes over low heat until soft.&lt;br&gt;Put through a fine sieve or food mill to remove skins and seeds and set&lt;br&gt;the strained juice aside.  Rinse the kettle and into it measure 2 cups of&lt;br&gt;the tomato juice.  Add the onions, celery, pepper, etc.  Boil over medium&lt;br&gt;heat, stirring and adding extra juice as needed to keep the mixture from&lt;br&gt;sticking - until soft enough to strain through your sieve or food mill.&lt;br&gt;Add 3 1/2 teaspoons citric acid (or 2/3 cup bottled lemon juice OR 3/4&lt;br&gt;cup white vinegar) and the rest of the tomato juice.  Bring to simmering.&lt;br&gt;Pack hot, leaving 1/2 inch of headroom.  Process in a BW bath: 15 minutes&lt;br&gt;for pints, 20 minutes for quarts.  Remove jars.  Alternate: We use 3-5&lt;br&gt;Hungarian wax peppers instead of the green pepper for added kick.&lt;br&gt;Makes a spicy, hot juice.  Or you could use jalapenos, but not too many.  &lt;br&gt;
&lt;hr&gt;
&lt;A name=646&gt;&lt;/a&gt;       &lt;b&gt;Waffle House Waffles&lt;br&gt;&lt;/b&gt; &lt;br&gt;  1 1/2 c  all-purpose flour&lt;br&gt;      1 t  salt&lt;br&gt;    1/2 t  baking soda&lt;br&gt;      1    egg&lt;br&gt;    1/2 c  plus 1 tablespoon granulated&lt;br&gt;           - sugar&lt;br&gt;      2 T  butter,softened&lt;br&gt;      2 T  shortening&lt;br&gt;    1/2 c  half &amp;amp; half&lt;br&gt;    1/2 c  milk&lt;br&gt;    1/4 c  buttermilk&lt;br&gt;    1/4 t  vanilla&lt;br&gt;
1.  Combine flour, salt and baking soda in a medium bowl.  Stir to combine.&lt;br&gt;2.  Lightly beat the egg in another medium bowl.  Add the sugar, butter, &lt;br&gt;and shortening and mix wel  with an electric mixer until smooth.  Add the&lt;br&gt;half &amp;amp; half, milk, buttermilk and vanilla.  Mix well.  &lt;br&gt;3.  Add the dry flour mixture to the wet mixture while beating.  Mix until smooth.&lt;br&gt;4. Cover and chill overnight.  &lt;br&gt;5.  Rub a light coating of vegetable oil on a waffle iron.  Preheat the waffle iron.&lt;br&gt;Leave the batter out of the refrigerator to warm up a bit as your waffle iron is&lt;br&gt;preheating.  &lt;br&gt;6.  Spoon 1/3 to 1/2 cup of batter into the waffle iron and cook for 3 to 4 minutes&lt;br&gt;or until the waffles are light brown.&lt;br&gt;
Makes 6 waffles.&lt;br&gt;
&lt;hr&gt;
&lt;A name=647&gt;&lt;/a&gt;    &lt;b&gt;   Weight Watchers Smart Ones Banana Muffins&lt;/b&gt;&lt;br&gt;
  1 1/4 c  sugar&lt;br&gt;    1/2 c  banana,Mashed&lt;br&gt;    1/2 c  milk&lt;br&gt;    1/3 c  buttermilk&lt;br&gt;      1 T  egg substitute&lt;br&gt;      1 t  oil&lt;br&gt;      1 t  vanilla&lt;br&gt;    1/2 t  banana flavoring&lt;br&gt;    1/4 t  lemon extract&lt;br&gt;  1 1/2 c  all-purpose flour&lt;br&gt;    1/2 t  baking soda&lt;br&gt;    1/2 t  baking powder&lt;br&gt;    3/4 t  salt&lt;br&gt;
1. Preheat oven to 350 degrees.&lt;br&gt;2. Combine sugar, banana, milk, buttermilk, egg substitute, oil,&lt;br&gt;vanilla, banana flavoring and lemon extract in a large bowl. Mix well with&lt;br&gt;electric mixer on high speed.&lt;br&gt;3. In a medium bowl combine flour, baking soda, baking powder, and salt.&lt;br&gt;4. Mix the dry ingredients into the wet ingredient with the electric&lt;br&gt;mixer.&lt;br&gt;5. Pour batter into muffin cups in a muffin pan until each cup is about&lt;br&gt;2/3 full.&lt;br&gt;6. Bake for 25 to 30 minutes or until muffins turn light brown on top.&lt;br&gt;
&lt;hr&gt;
&lt;A name=648&gt;&lt;/a&gt;       &lt;b&gt;Wendy's Chicken Caesar Fresh Stuffed Pita&lt;/b&gt;&lt;br&gt;
           **Dressing**&lt;br&gt;    1/2 c  water&lt;br&gt;    1/8 t  dry,unflavored gelatin&lt;br&gt;    1/3 c  white vinegar&lt;br&gt;    1/2 c  olive oil&lt;br&gt;    1/2 t  red bell,Finely Minced-pepper&lt;br&gt;    1/2 t  salt&lt;br&gt;    1/4 t  garlic powder&lt;br&gt;    1/4 t  worcestershire sauce&lt;br&gt;    1/8 t  black pepper,Coarse Ground&lt;br&gt;      1 ds parsley&lt;br&gt;      1 ds oregano&lt;br&gt;      1 ds thyme&lt;br&gt;      1 ds basil&lt;br&gt;      1 T  Romano cheese,Grated&lt;br&gt;      1 T  Parmesan cheese,Grated&lt;br&gt;      2 T  egg substitute&lt;br&gt;           **other**&lt;br&gt;      2    boneless,skinless chicken-- breasts&lt;br&gt;           salt&lt;br&gt;           pepper&lt;br&gt;      6 c  romaine lettuce,chopped&lt;br&gt;    1/4 c  red cabbage,shredded&lt;br&gt;    1/4 c  carrot,shredded&lt;br&gt;      4    pita breads&lt;br&gt;      4 t  shredded,fresh parmesan&lt;br&gt;
1.  Make the dressing by first dissolving the gelatin in the water. Heat&lt;br&gt;the mixture in the microwave on high for two minutes or until it begins&lt;br&gt;to rapidly boil.  Add the vinegar, then whisk while adding the oil.  Add&lt;br&gt;bell pepper, salt, garlic powder, worcestershire, black pepper, parsley,&lt;br&gt;oregano, thyme and basil.  Let dressing cool for about 15 minutes&lt;br&gt;before adding cheeses and egg substitute.  Whisk until slightly thicker, &lt;br&gt;then chill.  Overnight refrigeration makes the dressing thicker.  &lt;br&gt;2. Preheat a barbecue or indoor grill to medium heat.  Salt and pepper the chicken, then&lt;br&gt;grill it for 5 minutes per side, or until done.  Remove chicken from&lt;br&gt;the grill and dice it.  &lt;br&gt;3.  While chicken cooks, prepare the salad by combining the romaine &lt;br&gt;lettuce, red cabbage and shredded carrot in a large bowl and toss.  &lt;br&gt;4.  Prepare the sandwiches by first microwaving each pita for 20 seconds.  &lt;br&gt;5.  Fold each pita in half like a taco, then add 1 to 1 1/2 cups of the romaine salad into&lt;br&gt;the bread.  &lt;br&gt;6.  Add about 1/3 cup of diced chicken on top of the salad in the pita.  &lt;br&gt;7.  Pour about a tablespoon of dressing over each sandwich.  &lt;br&gt;8.  Sprinkle about a teaspoon of shredded fresh parmesan on top of each one and&lt;br&gt;serve.&lt;br&gt;
Serves 4.&lt;br&gt;
&lt;hr&gt;
&lt;A name=649&gt;&lt;/a&gt;    &lt;b&gt;   Wendy's Chili&lt;br&gt;&lt;/b&gt; &lt;br&gt;      2 lb beef,Ground&lt;br&gt;           One 29-ounce can tomato&lt;br&gt;           -sauce&lt;br&gt;           One 29-ounce can kidney&lt;br&gt;           -beans,(with liquid)&lt;br&gt;           One 29-ounce can pinto&lt;br&gt;           -beans,(with liquid)&lt;br&gt;      1 c  diced onion,(1 medium&lt;br&gt;           -onion)&lt;br&gt;    1/2 c  diced green chili,(2&lt;br&gt;           -chilies)&lt;br&gt;    1/4 c  diced celery,(1 stalk)&lt;br&gt;      3 md tomatoes,chopped&lt;br&gt;      2 t  cumin powder&lt;br&gt;      3 T  chili powder&lt;br&gt;  1 1/2 t  black pepper&lt;br&gt;      2 t  salt&lt;br&gt;      2 c  water&lt;br&gt;
1.  Brown the ground beef in a skillet over medium heat; drain off the fat.&lt;br&gt;2.  Using a fork, crumble the cooked beef into pea-size pieces.  &lt;br&gt;3.  In a large pot, combine the beef plus all the remaining ingredients, and&lt;br&gt;bring to a simmer over low heat.  Cook, stirring every 15 minutes, for 2 to 3&lt;br&gt;hours.   &lt;br&gt;
Makes about 12 servings.&lt;br&gt;
&lt;hr&gt;
&lt;A name=650&gt;&lt;/a&gt;     &lt;b&gt;  Wendy's Chili Seasoning&lt;br&gt;&lt;/b&gt;   &lt;br&gt;      2 T  red pepper flakes&lt;br&gt;      1 T  seasoned salt&lt;br&gt;      1 T  dry oinons -- crush,Minced&lt;br&gt;      1    hammer very fine&lt;br&gt;      1 t  dry parsley flakes --&lt;br&gt;      1    rubbed&lt;br&gt;      1    fine dust&lt;br&gt;      1 t  granulated garlic -- hammer&lt;br&gt;      1    to&lt;br&gt;      1    bits&lt;br&gt;      1    env taco sauce mix&lt;br&gt;
Stir all ingredients well together and store in a bottle with tight&lt;br&gt;cap. Keep at room temp and use within 6 months. &lt;br&gt;
   &lt;br&gt;
&lt;hr&gt;
&lt;A name=651&gt;&lt;/a&gt;    &lt;b&gt;Wendy's Classic Greek Fresh Stuffed Pita&lt;br&gt;&lt;/b&gt; &lt;br&gt;           **Dressing**&lt;br&gt;    1/2 c  water&lt;br&gt;    1/8 t  dry,unflavored gelatin&lt;br&gt;    1/3 c  white vinegar&lt;br&gt;    1/2 c  olive oil&lt;br&gt;    1/2 t  red bell,Finely Minced-pepper&lt;br&gt;    1/2 t  salt&lt;br&gt;    1/4 t  garlic powder&lt;br&gt;    1/4 t  worcestershire sauce&lt;br&gt;    1/8 t  black pepper,Coarse Ground&lt;br&gt;      1 ds parsley&lt;br&gt;      1 ds oregano&lt;br&gt;      1 ds thyme&lt;br&gt;      1 ds basil&lt;br&gt;      1 T  Romano cheese,Grated&lt;br&gt;      1 T  Parmesan cheese,Grated&lt;br&gt;      2 T  egg substitute&lt;br&gt;           **Other**&lt;br&gt;      1 c  feta cheese,Crumbled&lt;br&gt;           -(4-ounce package)&lt;br&gt;    1/2 c  tomato,seeded and diced&lt;br&gt;    1/4 c  cucumber,thinly sliced and&lt;br&gt;           --,Chopped&lt;br&gt;    1/4 c  red onion,diced&lt;br&gt;      6 c  romaine lettuce,chopped&lt;br&gt;    1/4 c  red cabbage,shredded&lt;br&gt;    1/4 c  carrot,shredded&lt;br&gt;      4    pita breads&lt;br&gt;
1.  Make the dressing by first dissolving the gelatin in the water. Heat&lt;br&gt;the mixture in the microwave on high for two minutes or until it begins&lt;br&gt;to rapidly boil.  Add the vinegar, then whisk while adding the oil.  Add&lt;br&gt;bell pepper, salt, garlic powder, worcestershire, black pepper, parsley,&lt;br&gt;oregano, thyme and basil.  Let dressing cool for about 15 minutes&lt;br&gt;before adding cheeses and egg substitute.  Whisk until slightly thicker, then&lt;br&gt;chill.  Overnight refrigeration makes the dressing thicker.  &lt;br&gt;2.  Make the Greek topping for the sandwiches by combining the crumbled&lt;br&gt;feta cheese, tomato, cucumber, and red onion in a small bowl.  &lt;br&gt;3.  Prepare the salad by combining the romaine lettuce, red cabbage and&lt;br&gt;shredded carrot in a large bowl and toss.  &lt;br&gt;4.  Prepare the sandwiches by first microwaving each pita for 20 seconds.  &lt;br&gt;5.  Fold each pita in half like a taco, then add 1 to 1 1/2 cups of the romaine&lt;br&gt;salad into the bread.  &lt;br&gt;6.  Add 1/2 to 1/3 cup of the greek topping to each sandwich. &lt;br&gt;7.  Pour about a tablespoon of  dressing over each sandwich and serve.  &lt;br&gt;
&lt;hr&gt;
&lt;A name=652&gt;&lt;/a&gt;      &lt;b&gt;Wendy's Frosty&lt;/b&gt;&lt;br&gt;
    3/4 c  Milk&lt;br&gt;    1/4 c  Chocolate drink powder&lt;br&gt;           -(Hershey (or Nestle))&lt;br&gt;      4 c  Vanilla ice cream&lt;br&gt;
Combine all of the ingredients in a blender.  Blend on medium speed&lt;br&gt;until cream.  Stir if necessary.&lt;br&gt;
If too thin, freeze the mixture in the blender or in cups until thicker.&lt;br&gt;
&lt;hr&gt;
&lt;A name=653&gt;&lt;/a&gt;&lt;b&gt;       Wendy's Spicy Chicken Fillet Sandwich&lt;/b&gt;&lt;br&gt;
      6 c  vegetable oil,up to 8&lt;br&gt;    1/3 c  Frank's Original Red Hot&lt;br&gt;           -Pepper Sau&lt;br&gt;    2/3 c  water&lt;br&gt;      1 c  all-purpose flour&lt;br&gt;  2 1/2 t  salt&lt;br&gt;      4 t  cayenne pepper&lt;br&gt;      1 t  black pepper,Coarse Ground&lt;br&gt;      1 t  onion powder&lt;br&gt;    1/2 t  paprika&lt;br&gt;    1/8 t  garlic powder&lt;br&gt;      4    chicken breast fillets&lt;br&gt;      4    plain hamburger buns&lt;br&gt;      8 t  mayonnaise&lt;br&gt;      4    lettuce leaves&lt;br&gt;      4    tomato,Slices&lt;br&gt;
Preheat 6-8 cups of oil in a deep fryer to 350 degrees.  &lt;br&gt;Combine the pepper sauce and water in a small bowl.  &lt;br&gt;Combine the flour, salt, cayenne pepper, black pepper, onion powder,&lt;br&gt;paprika and garlic powder in another shallow bowl.    &lt;br&gt;
Pound each of the chicken pieces with a mallet until about 3/8-inch &lt;br&gt;thick.  Trim each breast fillet if necessary to help it fit on the bun.    &lt;br&gt;Working with one fillet at a time, coat each piece with the flour, &lt;br&gt;then dredge it in the diluted pepper sauce.  Coat the chicken once &lt;br&gt;again in the flour mixture and set it aside until the rest of the chicken &lt;br&gt;is breaded. Fry the chicken fillets for 8-12 minutes or until they are &lt;br&gt;light brown and crispy.  Remove the chicken to a rack or to paper &lt;br&gt;towels to drain.  8.  As chicken is frying, prepare each sandwich&lt;br&gt;by grilling the face of the hamburger buns on a hot skillet over medium&lt;br&gt;heat. Spread about 2 teaspoons of mayonnaise on the face of each of the&lt;br&gt;inverted top buns. Place a tomato slice onto the mayonnaise, then stack a&lt;br&gt;leaf of lettuce on top of the tomato. On each of the bottom buns,&lt;br&gt;stack one piece of chicken.  Flip the top half of each sandwich onto the&lt;br&gt;bottom half and serve hot.   &lt;br&gt;
Makes 4 sandwiches.&lt;br&gt;
 &lt;br&gt;
&lt;hr&gt;
&lt;A name=654&gt;&lt;/a&gt;      &lt;b&gt; White Castle Vidalia Dip&lt;br&gt;&lt;/b&gt; &lt;br&gt;     14    white castle hamburgers&lt;br&gt;      1    chopped fine,buns set aside&lt;br&gt;  2 1/2 c  vidalia onions,Chopped&lt;br&gt;  1 3/4 c  hellmann's (r) mayonaise&lt;br&gt;      2 c  swiss cheese,Shredded&lt;br&gt;    1/2 c  bacon,Crumbled&lt;br&gt;      1    crackers (topping),Crushed&lt;br&gt;
Mix all above ingredients (except buns and crackers). Bake in&lt;br&gt;casserole dish at 350 deg F. for 30-35 minutes. Let stand for 10&lt;br&gt;minutes. Put open buns under broiler until toasted. Serve dip on buns&lt;br&gt;or crackers.&lt;br&gt;
&lt;hr&gt;
&lt;A name=655&gt;&lt;/a&gt;       &lt;b&gt;White Cheddar Dipping Sauce&lt;/b&gt;&lt;br&gt;
1/2 c  Heavy Cream&lt;br&gt;2 oz White Cheddar Cheese --&lt;br&gt;:          Grated&lt;br&gt;1 TB Butter&lt;br&gt;
Combine all ingredients in a small saucepan over medium heat.  Bring&lt;br&gt;the mixture to a boil, then reduce the heat and simmer for 10 minutes&lt;br&gt;or until thickened.  Serve hot.&lt;br&gt;
 &lt;br&gt;
&lt;hr&gt;
&lt;A name=656&gt;&lt;/a&gt;       &lt;b&gt;Whitehouse Chicken Coleslaw&lt;br&gt;&lt;/b&gt; &lt;br&gt;  1 1/4 lb cabbage (about 8 c.)&lt;br&gt;    3/4 c  vinegar&lt;br&gt;    1/2 c  oil&lt;br&gt;    1/2 c  plus 1 t. sugar&lt;br&gt;      1    salt,To Taste&lt;br&gt;
Shred small head of cabbage.  Combine vinegar, oil, and sugar, beat&lt;br&gt;with whisk til well mixed.  Pour over cabbage, then salt to taste.&lt;br&gt;Mix well. Refrigerate at least 2 hours, stirring occasionally.&lt;br&gt;
&lt;hr&gt;
&lt;A name=657&gt;&lt;/a&gt;      &lt;b&gt; Wienerschnitzel Chili Sauce&lt;/b&gt;&lt;br&gt;
    3/4 lb beef,Ground&lt;br&gt;    1/4 lb pork,Ground&lt;br&gt;      6 c  water&lt;br&gt;    1/4 c  cornstarch&lt;br&gt;    1/2 c  wondra flour*&lt;br&gt;      6 oz can tomato paste&lt;br&gt;    1/4 c  chili powder (mccormick)&lt;br&gt;      3 T  white vinegar&lt;br&gt;      1 T  salt&lt;br&gt;      1 T  minced onion,Dried&lt;br&gt;  1 1/2 t  granulated sugar&lt;br&gt;    1/4 t  garlic powder&lt;br&gt;    1/4 t  black pepper,Ground&lt;br&gt;
1. Brown ground beef and ground pork in a large saucepan over medium&lt;br&gt;heat. Crumble and chop the meat with a spoon or spatula as it cooks. When the&lt;br&gt;meat is completely browned cover saucepan and turn heat to low. This&lt;br&gt;waythe ground meat will slowly simmer in it's own juices.&lt;br&gt;2. After ten minutes, remove the ground meat from the heat and drain&lt;br&gt;off most of the fat. Keep some of it in the pan.&lt;br&gt;3. While the meat is still off the heat add the water and the&lt;br&gt;cornstarch. Whisk the cornstarch thoroughly as it's added until it's dissolved into&lt;br&gt;the water. Do the same for the Wondra flour.&lt;br&gt;4. You can now set the pan over medium heat and add the remaining&lt;br&gt;ingredients. Bring mixture to a boil stirring often.&lt;br&gt;5. When chili begins to boil, reduce heat and simmer for 30 minutes.&lt;br&gt;
&lt;hr&gt;
&lt;A name=658&gt;&lt;/a&gt;      &lt;b&gt; Yonah Schimmel Low-Fat New York City Knish&lt;/b&gt;&lt;br&gt;
      6 md russet potatoes&lt;br&gt;  2 1/2 T  low-fat butter&lt;br&gt;    1/4    onion,Minced&lt;br&gt;      3 T  fat-free chicken,(or&lt;br&gt;           -vegetable) broth&lt;br&gt;    1/2 t  salt,or more to taste&lt;br&gt;    1/8 t  ground black pepper,or more&lt;br&gt;           -,To Taste&lt;br&gt;           Seasoning blends,chives or&lt;br&gt;           -pepper&lt;br&gt;           -- flakes,To Taste&lt;br&gt;           -- (optional)&lt;br&gt;      6    sheets phyllo dough&lt;br&gt;
1.  Peel, halve and boil potatoes until tender, 15-20 minutes.  Mash in a large&lt;br&gt;bowl.  &lt;br&gt;2.  Saute onion in 1 1/2 tablespoons butter until translucent but not brown.  Add&lt;br&gt;to mashed potatoes with broth, salt, pepper and spices. Stir well.  &lt;br&gt;3.  Melt remaining tablespoon of butter.  Pre-heat oven to 375 degrees.  &lt;br&gt;4.  Layer 3 sheets of phyllo dough and cut in half. Repeat with remaining 3&lt;br&gt;sheets.  Spoon 1 cup of potato mixture on each section of phyllo, mold into a&lt;br&gt;large ball and position off-center at one end of strip of dough.  Roll ball along the&lt;br&gt;length of phyllo, folding dough over bottom of filling and leaving some filling&lt;br&gt;poking through the top.  (Trim and discard excess dough.) &lt;br&gt;5.  Brush melted butter over edges of knish to seal the seams and press down&lt;br&gt;onto an ungreased baking sheet.  Repeat with other knishes.  Bake 30-40&lt;br&gt;minutes, until golden brown.  &lt;br&gt;
Makes four knishes.&lt;br&gt;
&lt;hr&gt;
&lt;A name=659&gt;&lt;/a&gt;       &lt;b&gt;Yoo Hoo&lt;/b&gt;&lt;br&gt;
    1/2 c  Nestle chocolate powder&lt;br&gt;  1 1/2 c  Nonfat dry milk powder&lt;br&gt;      3 c  Water&lt;br&gt;
Mix all contents in a blender for 30 seconds.&lt;br&gt;Refrigerate till cool. Makes 2 drinks.&lt;br&gt;
&lt;hr&gt;
&lt;A name=660&gt;&lt;/a&gt;        &lt;b&gt; Yoo-Hoo Mix-Ups&lt;/b&gt;&lt;br&gt;
           **Chocolate-Banana**&lt;br&gt;      1 c  non-fat dry milk&lt;br&gt;    1/2 c  Nestle' Quik chocolate drink&lt;br&gt;           - powder&lt;br&gt;      3 c  water&lt;br&gt;      1 T  sugar&lt;br&gt;      1 t  banana extract&lt;br&gt;           **Chocolate-Strawberry**&lt;br&gt;      1 c  non-fat dry milk&lt;br&gt;    1/2 c  Nestle' Quik chocolate drink&lt;br&gt;           - powder&lt;br&gt;      3 c  water&lt;br&gt;      2 T  sugar&lt;br&gt;      1 T  strawberry extract&lt;br&gt;           **Chocolate-Mint**&lt;br&gt;      1 c  non-fat dry milk&lt;br&gt;    1/2 c  Nestle' Quik chocolate drink&lt;br&gt;           - powder&lt;br&gt;      3 c  water&lt;br&gt;    1/2 T  sugar&lt;br&gt;    1/8 t  mint extract&lt;br&gt;
1.  Combine all the ingredients in a blender for the flavor of your choice and mix&lt;br&gt;on low speed for 10-15 seconds or until sugar is dissolved.  &lt;br&gt;
2. Allow foam to settle, then stir before drinking.  Drink is best if served&lt;br&gt;cold or over ice.   &lt;br&gt;
Makes 2 drinks.&lt;br&gt;
&lt;hr&gt;
&lt;/BODY&gt;
&lt;/HTML&gt;</StdOut>
      </Output>
    </UnitTestResult>
  </Results>
</TestRun>